#
# There is insufficient memory for the Java Runtime Environment to continue.
# Native memory allocation (malloc) failed to allocate 1070176 bytes for Chunk::new
# Possible reasons:
#   The system is out of physical RAM or swap space
#   The process is running with CompressedOops enabled, and the Java Heap may be blocking the growth of the native heap
# Possible solutions:
#   Reduce memory load on the system
#   Increase physical memory or swap space
#   Check if swap backing store is full
#   Decrease Java heap size (-Xmx/-Xms)
#   Decrease number of Java threads
#   Decrease Java thread stack sizes (-Xss)
#   Set larger code cache with -XX:ReservedCodeCacheSize=
#   JVM is running with Unscaled Compressed Oops mode in which the Java heap is
#     placed in the first 4GB address space. The Java Heap base address is the
#     maximum limit for the native heap growth. Please use -XX:HeapBaseMinAddress
#     to set the Java Heap base and to place the Java Heap above 4GB virtual address.
# This output file may be truncated or incomplete.
#
#  Out of Memory Error (arena.cpp:197), pid=12636, tid=3716
#
# JRE version: OpenJDK Runtime Environment Corretto-11.0.20.8.1 (11.0.20+8) (build 11.0.20+8-LTS)
# Java VM: OpenJDK 64-Bit Server VM Corretto-11.0.20.8.1 (11.0.20+8-LTS, mixed mode, tiered, compressed oops, g1 gc, windows-amd64)
# No core dump will be written. Minidumps are not enabled by default on client versions of Windows
#

---------------  S U M M A R Y ------------

Command Line: --add-opens=java.base/java.util=ALL-UNNAMED --add-opens=java.base/java.lang=ALL-UNNAMED --add-opens=java.base/java.lang.invoke=ALL-UNNAMED --add-opens=java.prefs/java.util.prefs=ALL-UNNAMED --add-opens=java.base/java.nio.charset=ALL-UNNAMED --add-opens=java.base/java.net=ALL-UNNAMED --add-opens=java.base/java.util.concurrent.atomic=ALL-UNNAMED -XX:MaxMetaspaceSize=256m -XX:+HeapDumpOnOutOfMemoryError -Xms256m -Xmx512m -Dfile.encoding=windows-1251 -Duser.country=RU -Duser.language=ru -Duser.variant org.gradle.launcher.daemon.bootstrap.GradleDaemon 8.0

Host: AMD Athlon 300U with Radeon Vega Mobile Gfx    , 4 cores, 3G,  Windows 11 , 64 bit Build 22621 (10.0.22621.3527)
Time: Thu May 30 03:22:24 2024 RTZ 9 (s 11 , 64 bit Build 22621 (10.0.22621.3527) elapsed time: 48.768381 seconds (0d 0h 0m 48s)

---------------  T H R E A D  ---------------

Current thread (0x000002214b370000):  JavaThread "C2 CompilerThread0" daemon [_thread_in_native, id=3716, stack(0x0000003b88800000,0x0000003b88900000)]


Current CompileTask:
C2:  48768 4985       4       org.objectweb.asm.Frame::execute (2318 bytes)

Stack: [0x0000003b88800000,0x0000003b88900000]
Native frames: (J=compiled Java code, j=interpreted, Vv=VM code, C=native code)
V  [jvm.dll+0x62418a]
V  [jvm.dll+0x7b1d69]
V  [jvm.dll+0x7b3458]
V  [jvm.dll+0x7b3b33]
V  [jvm.dll+0x250148]
V  [jvm.dll+0xc264c]
V  [jvm.dll+0xc2c0c]
V  [jvm.dll+0x2c4104]
V  [jvm.dll+0x532e5c]
V  [jvm.dll+0x21165b]
V  [jvm.dll+0x20b3c4]
V  [jvm.dll+0x2085db]
V  [jvm.dll+0x18a6b1]
V  [jvm.dll+0x217da4]
V  [jvm.dll+0x215feb]
V  [jvm.dll+0x774840]
V  [jvm.dll+0x76d634]
V  [jvm.dll+0x622ff5]
C  [ucrtbase.dll+0x29333]
C  [KERNEL32.DLL+0x1257d]
C  [ntdll.dll+0x5aa48]


---------------  P R O C E S S  ---------------

Threads class SMR info:
_java_thread_list=0x000002214d801450, length=39, elements={
0x000002212fa4d000, 0x000002214a9e4800, 0x000002214a9ed800, 0x000002214b36a800,
0x000002214b36c000, 0x000002214b36d000, 0x000002214b370000, 0x000002214b371800,
0x000002214b3d0800, 0x000002214b4c2000, 0x000002214be7e000, 0x000002214c08d000,
0x000002214c102800, 0x000002214bf6f800, 0x000002214bf0c000, 0x000002214cb7c000,
0x000002214b47a800, 0x000002214b47b000, 0x000002214c60b800, 0x000002214c0f8000,
0x000002214c0f5800, 0x000002214c0f3800, 0x000002214c0f2800, 0x000002214c0f4000,
0x000002214c0f7800, 0x000002214c0f9000, 0x000002214c0f5000, 0x000002214c0f6800,
0x000002214e0aa000, 0x000002214e0ab000, 0x000002214e0a9800, 0x000002214e0ac800,
0x000002214e0a8000, 0x000002214e0a8800, 0x000002214e0ac000, 0x000002214e0ad800,
0x000002214e0b1800, 0x000002214e0ae800, 0x000002214e0b2800
}

Java Threads: ( => current thread )
  0x000002212fa4d000 JavaThread "main" [_thread_blocked, id=1384, stack(0x0000003b87c00000,0x0000003b87d00000)]
  0x000002214a9e4800 JavaThread "Reference Handler" daemon [_thread_blocked, id=7800, stack(0x0000003b88300000,0x0000003b88400000)]
  0x000002214a9ed800 JavaThread "Finalizer" daemon [_thread_blocked, id=2420, stack(0x0000003b88400000,0x0000003b88500000)]
  0x000002214b36a800 JavaThread "Signal Dispatcher" daemon [_thread_blocked, id=13572, stack(0x0000003b88500000,0x0000003b88600000)]
  0x000002214b36c000 JavaThread "Attach Listener" daemon [_thread_blocked, id=14844, stack(0x0000003b88600000,0x0000003b88700000)]
  0x000002214b36d000 JavaThread "Service Thread" daemon [_thread_blocked, id=4344, stack(0x0000003b88700000,0x0000003b88800000)]
=>0x000002214b370000 JavaThread "C2 CompilerThread0" daemon [_thread_in_native, id=3716, stack(0x0000003b88800000,0x0000003b88900000)]
  0x000002214b371800 JavaThread "C1 CompilerThread0" daemon [_thread_blocked, id=15072, stack(0x0000003b88900000,0x0000003b88a00000)]
  0x000002214b3d0800 JavaThread "Sweeper thread" daemon [_thread_blocked, id=2460, stack(0x0000003b88a00000,0x0000003b88b00000)]
  0x000002214b4c2000 JavaThread "Common-Cleaner" daemon [_thread_blocked, id=9284, stack(0x0000003b88b00000,0x0000003b88c00000)]
  0x000002214be7e000 JavaThread "Daemon health stats" [_thread_blocked, id=15692, stack(0x0000003b89000000,0x0000003b89100000)]
  0x000002214c08d000 JavaThread "Incoming local TCP Connector on port 59389" [_thread_in_native, id=16324, stack(0x0000003b89100000,0x0000003b89200000)]
  0x000002214c102800 JavaThread "Daemon periodic checks" [_thread_blocked, id=3664, stack(0x0000003b89200000,0x0000003b89300000)]
  0x000002214bf6f800 JavaThread "Daemon" [_thread_blocked, id=16248, stack(0x0000003b89300000,0x0000003b89400000)]
  0x000002214bf0c000 JavaThread "Handler for socket connection from /127.0.0.1:59389 to /127.0.0.1:59390" [_thread_in_native, id=15112, stack(0x0000003b89400000,0x0000003b89500000)]
  0x000002214cb7c000 JavaThread "Cancel handler" [_thread_blocked, id=7996, stack(0x0000003b89500000,0x0000003b89600000)]
  0x000002214b47a800 JavaThread "Daemon worker" [_thread_in_Java, id=7164, stack(0x0000003b89600000,0x0000003b89700000)]
  0x000002214b47b000 JavaThread "Asynchronous log dispatcher for DefaultDaemonConnection: socket connection from /127.0.0.1:59389 to /127.0.0.1:59390" [_thread_blocked, id=1124, stack(0x0000003b89700000,0x0000003b89800000)]
  0x000002214c60b800 JavaThread "Stdin handler" [_thread_blocked, id=13540, stack(0x0000003b89800000,0x0000003b89900000)]
  0x000002214c0f8000 JavaThread "Daemon client event forwarder" [_thread_blocked, id=14332, stack(0x0000003b89900000,0x0000003b89a00000)]
  0x000002214c0f5800 JavaThread "Cache worker for journal cache (C:\Users\PC\.gradle\caches\journal-1)" [_thread_blocked, id=2432, stack(0x0000003b89a00000,0x0000003b89b00000)]
  0x000002214c0f3800 JavaThread "File lock request listener" [_thread_in_native, id=15460, stack(0x0000003b89b00000,0x0000003b89c00000)]
  0x000002214c0f2800 JavaThread "Cache worker for file hash cache (C:\Users\PC\.gradle\caches\8.0\fileHashes)" [_thread_blocked, id=14956, stack(0x0000003b89c00000,0x0000003b89d00000)]
  0x000002214c0f4000 JavaThread "File watcher server" daemon [_thread_in_native, id=8176, stack(0x0000003b89d00000,0x0000003b89e00000)]
  0x000002214c0f7800 JavaThread "File watcher consumer" daemon [_thread_blocked, id=15488, stack(0x0000003b89e00000,0x0000003b89f00000)]
  0x000002214c0f9000 JavaThread "jar transforms" [_thread_blocked, id=15368, stack(0x0000003b89f00000,0x0000003b8a000000)]
  0x000002214c0f5000 JavaThread "jar transforms Thread 2" [_thread_blocked, id=4672, stack(0x0000003b8a000000,0x0000003b8a100000)]
  0x000002214c0f6800 JavaThread "jar transforms Thread 3" [_thread_blocked, id=16264, stack(0x0000003b8a100000,0x0000003b8a200000)]
  0x000002214e0aa000 JavaThread "jar transforms Thread 4" [_thread_blocked, id=2412, stack(0x0000003b8a200000,0x0000003b8a300000)]
  0x000002214e0ab000 JavaThread "Cache worker for checksums cache (C:\Users\PC\Desktop\Homework\AUTO8\.gradle\8.0\checksums)" [_thread_blocked, id=10384, stack(0x0000003b8a300000,0x0000003b8a400000)]
  0x000002214e0a9800 JavaThread "Cache worker for cache directory md-rule (C:\Users\PC\.gradle\caches\8.0\md-rule)" [_thread_blocked, id=9580, stack(0x0000003b8a400000,0x0000003b8a500000)]
  0x000002214e0ac800 JavaThread "Cache worker for file content cache (C:\Users\PC\.gradle\caches\8.0\fileContent)" [_thread_blocked, id=14556, stack(0x0000003b8a500000,0x0000003b8a600000)]
  0x000002214e0a8000 JavaThread "Cache worker for file hash cache (C:\Users\PC\Desktop\Homework\AUTO8\.gradle\8.0\fileHashes)" [_thread_blocked, id=12028, stack(0x0000003b8a600000,0x0000003b8a700000)]
  0x000002214e0a8800 JavaThread "Cache worker for cache directory md-supplier (C:\Users\PC\.gradle\caches\8.0\md-supplier)" [_thread_blocked, id=16348, stack(0x0000003b8a700000,0x0000003b8a800000)]
  0x000002214e0ac000 JavaThread "Cache worker for execution history cache (C:\Users\PC\.gradle\caches\8.0\executionHistory)" [_thread_blocked, id=14400, stack(0x0000003b8a800000,0x0000003b8a900000)]
  0x000002214e0ad800 JavaThread "Cache worker for dependencies-accessors (C:\Users\PC\Desktop\Homework\AUTO8\.gradle\8.0\dependencies-accessors)" [_thread_blocked, id=8464, stack(0x0000003b8a900000,0x0000003b8aa00000)]
  0x000002214e0b1800 JavaThread "Cache worker for Build Output Cleanup Cache (C:\Users\PC\Desktop\Homework\AUTO8\.gradle\buildOutputCleanup)" [_thread_blocked, id=9072, stack(0x0000003b8ac00000,0x0000003b8ad00000)]
  0x000002214e0ae800 JavaThread "Unconstrained build operations" [_thread_blocked, id=6644, stack(0x0000003b8ad00000,0x0000003b8ae00000)]
  0x000002214e0b2800 JavaThread "Memory manager" [_thread_blocked, id=8528, stack(0x0000003b8ae00000,0x0000003b8af00000)]

Other Threads:
  0x000002214a9c0000 VMThread "VM Thread" [stack: 0x0000003b88200000,0x0000003b88300000] [id=3532]
  0x000002214b4f6800 WatcherThread [stack: 0x0000003b88c00000,0x0000003b88d00000] [id=14496]
  0x000002212fa66000 GCTaskThread "GC Thread#0" [stack: 0x0000003b87d00000,0x0000003b87e00000] [id=10220]
  0x000002214b6ae000 GCTaskThread "GC Thread#1" [stack: 0x0000003b88d00000,0x0000003b88e00000] [id=14428]
  0x000002214b71e800 GCTaskThread "GC Thread#2" [stack: 0x0000003b88e00000,0x0000003b88f00000] [id=15000]
  0x000002214b6c2000 GCTaskThread "GC Thread#3" [stack: 0x0000003b88f00000,0x0000003b89000000] [id=388]
  0x000002212fa77000 ConcurrentGCThread "G1 Main Marker" [stack: 0x0000003b87e00000,0x0000003b87f00000] [id=5728]
  0x000002212fa78800 ConcurrentGCThread "G1 Conc#0" [stack: 0x0000003b87f00000,0x0000003b88000000] [id=7744]
  0x000002214a85c800 ConcurrentGCThread "G1 Refine#0" [stack: 0x0000003b88000000,0x0000003b88100000] [id=7624]
  0x000002214a85d000 ConcurrentGCThread "G1 Young RemSet Sampling" [stack: 0x0000003b88100000,0x0000003b88200000] [id=15672]

Threads with active compile tasks:
C2 CompilerThread0    48842 4985       4       org.objectweb.asm.Frame::execute (2318 bytes)

VM state:not at safepoint (normal execution)

VM Mutex/Monitor currently owned by a thread: None

Heap address: 0x00000000e0000000, size: 512 MB, Compressed Oops mode: 32-bit
Narrow klass base: 0x0000000000000000, Narrow klass shift: 3
Compressed class space size: 260046848 Address: 0x0000000100000000

Heap:
 garbage-first heap   total 262144K, used 178934K [0x00000000e0000000, 0x0000000100000000)
  region size 1024K, 125 young (128000K), 15 survivors (15360K)
 Metaspace       used 56049K, capacity 57784K, committed 57900K, reserved 305152K
  class space    used 7259K, capacity 7949K, committed 8064K, reserved 253952K
Heap Regions: E=young(eden), S=young(survivor), O=old, HS=humongous(starts), HC=humongous(continues), CS=collection set, F=free, A=archive, TAMS=top-at-mark-start (previous, next)
|   0|0x00000000e0000000, 0x00000000e0100000, 0x00000000e0100000|100%|HS|  |TAMS 0x00000000e0100000, 0x00000000e0000000| Complete 
|   1|0x00000000e0100000, 0x00000000e0200000, 0x00000000e0200000|100%|HC|  |TAMS 0x00000000e0200000, 0x00000000e0100000| Complete 
|   2|0x00000000e0200000, 0x00000000e0300000, 0x00000000e0300000|100%|HC|  |TAMS 0x00000000e0300000, 0x00000000e0200000| Complete 
|   3|0x00000000e0300000, 0x00000000e0400000, 0x00000000e0400000|100%|HC|  |TAMS 0x00000000e0400000, 0x00000000e0300000| Complete 
|   4|0x00000000e0400000, 0x00000000e0500000, 0x00000000e0500000|100%| O|  |TAMS 0x00000000e0500000, 0x00000000e0400000| Untracked 
|   5|0x00000000e0500000, 0x00000000e0600000, 0x00000000e0600000|100%| O|  |TAMS 0x00000000e0600000, 0x00000000e0500000| Untracked 
|   6|0x00000000e0600000, 0x00000000e0700000, 0x00000000e0700000|100%| O|  |TAMS 0x00000000e0700000, 0x00000000e0600000| Untracked 
|   7|0x00000000e0700000, 0x00000000e0800000, 0x00000000e0800000|100%| O|  |TAMS 0x00000000e0800000, 0x00000000e0700000| Untracked 
|   8|0x00000000e0800000, 0x00000000e0900000, 0x00000000e0900000|100%| O|  |TAMS 0x00000000e0900000, 0x00000000e0800000| Untracked 
|   9|0x00000000e0900000, 0x00000000e0a00000, 0x00000000e0a00000|100%| O|  |TAMS 0x00000000e0a00000, 0x00000000e0900000| Untracked 
|  10|0x00000000e0a00000, 0x00000000e0b00000, 0x00000000e0b00000|100%| O|  |TAMS 0x00000000e0b00000, 0x00000000e0a00000| Untracked 
|  11|0x00000000e0b00000, 0x00000000e0c00000, 0x00000000e0c00000|100%| O|  |TAMS 0x00000000e0c00000, 0x00000000e0b00000| Untracked 
|  12|0x00000000e0c00000, 0x00000000e0d00000, 0x00000000e0d00000|100%| O|  |TAMS 0x00000000e0d00000, 0x00000000e0c00000| Untracked 
|  13|0x00000000e0d00000, 0x00000000e0e00000, 0x00000000e0e00000|100%| O|  |TAMS 0x00000000e0e00000, 0x00000000e0d00000| Untracked 
|  14|0x00000000e0e00000, 0x00000000e0f00000, 0x00000000e0f00000|100%| O|  |TAMS 0x00000000e0f00000, 0x00000000e0e00000| Untracked 
|  15|0x00000000e0f00000, 0x00000000e1000000, 0x00000000e1000000|100%|HS|  |TAMS 0x00000000e1000000, 0x00000000e0f00000| Complete 
|  16|0x00000000e1000000, 0x00000000e1100000, 0x00000000e1100000|100%|HC|  |TAMS 0x00000000e1100000, 0x00000000e1000000| Complete 
|  17|0x00000000e1100000, 0x00000000e1200000, 0x00000000e1200000|100%|HS|  |TAMS 0x00000000e1200000, 0x00000000e1100000| Complete 
|  18|0x00000000e1200000, 0x00000000e1300000, 0x00000000e1300000|100%|HC|  |TAMS 0x00000000e1300000, 0x00000000e1200000| Complete 
|  19|0x00000000e1300000, 0x00000000e1400000, 0x00000000e1400000|100%|HC|  |TAMS 0x00000000e1400000, 0x00000000e1300000| Complete 
|  20|0x00000000e1400000, 0x00000000e1500000, 0x00000000e1500000|100%|HS|  |TAMS 0x00000000e1500000, 0x00000000e1400000| Complete 
|  21|0x00000000e1500000, 0x00000000e1600000, 0x00000000e1600000|100%|HC|  |TAMS 0x00000000e1600000, 0x00000000e1500000| Complete 
|  22|0x00000000e1600000, 0x00000000e1700000, 0x00000000e1700000|100%|HS|  |TAMS 0x00000000e1700000, 0x00000000e1600000| Complete 
|  23|0x00000000e1700000, 0x00000000e1800000, 0x00000000e1800000|100%|HC|  |TAMS 0x00000000e1800000, 0x00000000e1700000| Complete 
|  24|0x00000000e1800000, 0x00000000e1900000, 0x00000000e1900000|100%|HC|  |TAMS 0x00000000e1900000, 0x00000000e1800000| Complete 
|  25|0x00000000e1900000, 0x00000000e1a00000, 0x00000000e1a00000|100%|HC|  |TAMS 0x00000000e1a00000, 0x00000000e1900000| Complete 
|  26|0x00000000e1a00000, 0x00000000e1b00000, 0x00000000e1b00000|100%|HC|  |TAMS 0x00000000e1b00000, 0x00000000e1a00000| Complete 
|  27|0x00000000e1b00000, 0x00000000e1c00000, 0x00000000e1c00000|100%|HC|  |TAMS 0x00000000e1c00000, 0x00000000e1b00000| Complete 
|  28|0x00000000e1c00000, 0x00000000e1d00000, 0x00000000e1d00000|100%|HC|  |TAMS 0x00000000e1d00000, 0x00000000e1c00000| Complete 
|  29|0x00000000e1d00000, 0x00000000e1e00000, 0x00000000e1e00000|100%|HC|  |TAMS 0x00000000e1e00000, 0x00000000e1d00000| Complete 
|  30|0x00000000e1e00000, 0x00000000e1f00000, 0x00000000e1f00000|100%|HC|  |TAMS 0x00000000e1f00000, 0x00000000e1e00000| Complete 
|  31|0x00000000e1f00000, 0x00000000e2000000, 0x00000000e2000000|100%|HC|  |TAMS 0x00000000e2000000, 0x00000000e1f00000| Complete 
|  32|0x00000000e2000000, 0x00000000e2100000, 0x00000000e2100000|100%|HC|  |TAMS 0x00000000e2100000, 0x00000000e2000000| Complete 
|  33|0x00000000e2100000, 0x00000000e2200000, 0x00000000e2200000|100%|HS|  |TAMS 0x00000000e2200000, 0x00000000e2100000| Complete 
|  34|0x00000000e2200000, 0x00000000e2300000, 0x00000000e2300000|100%|HC|  |TAMS 0x00000000e2300000, 0x00000000e2200000| Complete 
|  35|0x00000000e2300000, 0x00000000e2400000, 0x00000000e2400000|100%|HS|  |TAMS 0x00000000e2400000, 0x00000000e2300000| Complete 
|  36|0x00000000e2400000, 0x00000000e2500000, 0x00000000e2500000|100%|HC|  |TAMS 0x00000000e2500000, 0x00000000e2400000| Complete 
|  37|0x00000000e2500000, 0x00000000e2600000, 0x00000000e2600000|100%|HC|  |TAMS 0x00000000e2600000, 0x00000000e2500000| Complete 
|  38|0x00000000e2600000, 0x00000000e2700000, 0x00000000e2700000|100%|HC|  |TAMS 0x00000000e2700000, 0x00000000e2600000| Complete 
|  39|0x00000000e2700000, 0x00000000e2800000, 0x00000000e2800000|100%|HC|  |TAMS 0x00000000e2800000, 0x00000000e2700000| Complete 
|  40|0x00000000e2800000, 0x00000000e2900000, 0x00000000e2900000|100%|HC|  |TAMS 0x00000000e2900000, 0x00000000e2800000| Complete 
|  41|0x00000000e2900000, 0x00000000e2a00000, 0x00000000e2a00000|100%|HS|  |TAMS 0x00000000e2a00000, 0x00000000e2900000| Complete 
|  42|0x00000000e2a00000, 0x00000000e2b00000, 0x00000000e2b00000|100%| O|  |TAMS 0x00000000e2b00000, 0x00000000e2a00000| Untracked 
|  43|0x00000000e2b00000, 0x00000000e2c00000, 0x00000000e2c00000|100%| O|  |TAMS 0x00000000e2c00000, 0x00000000e2b00000| Untracked 
|  44|0x00000000e2c00000, 0x00000000e2d00000, 0x00000000e2d00000|100%| O|  |TAMS 0x00000000e2c70a00, 0x00000000e2c00000| Untracked 
|  45|0x00000000e2d00000, 0x00000000e2e00000, 0x00000000e2e00000|100%|HS|  |TAMS 0x00000000e2d00000, 0x00000000e2d00000| Complete 
|  46|0x00000000e2e00000, 0x00000000e2e00000, 0x00000000e2f00000|  0%| F|  |TAMS 0x00000000e2e00000, 0x00000000e2e00000| Untracked 
|  47|0x00000000e2f00000, 0x00000000e2f00000, 0x00000000e3000000|  0%| F|  |TAMS 0x00000000e2f00000, 0x00000000e2f00000| Untracked 
|  48|0x00000000e3000000, 0x00000000e3100000, 0x00000000e3100000|100%|HS|  |TAMS 0x00000000e3000000, 0x00000000e3000000| Complete 
|  49|0x00000000e3100000, 0x00000000e3200000, 0x00000000e3200000|100%|HC|  |TAMS 0x00000000e3100000, 0x00000000e3100000| Complete 
|  50|0x00000000e3200000, 0x00000000e3300000, 0x00000000e3300000|100%|HS|  |TAMS 0x00000000e3200000, 0x00000000e3200000| Complete 
|  51|0x00000000e3300000, 0x00000000e3400000, 0x00000000e3400000|100%|HC|  |TAMS 0x00000000e3300000, 0x00000000e3300000| Complete 
|  52|0x00000000e3400000, 0x00000000e3500000, 0x00000000e3500000|100%|HC|  |TAMS 0x00000000e3400000, 0x00000000e3400000| Complete 
|  53|0x00000000e3500000, 0x00000000e35bda00, 0x00000000e3600000| 74%| O|  |TAMS 0x00000000e3500000, 0x00000000e3500000| Untracked 
|  54|0x00000000e3600000, 0x00000000e3600000, 0x00000000e3700000|  0%| F|  |TAMS 0x00000000e3600000, 0x00000000e3600000| Untracked 
|  55|0x00000000e3700000, 0x00000000e3700000, 0x00000000e3800000|  0%| F|  |TAMS 0x00000000e3700000, 0x00000000e3700000| Untracked 
|  56|0x00000000e3800000, 0x00000000e3800000, 0x00000000e3900000|  0%| F|  |TAMS 0x00000000e3800000, 0x00000000e3800000| Untracked 
|  57|0x00000000e3900000, 0x00000000e3900000, 0x00000000e3a00000|  0%| F|  |TAMS 0x00000000e3900000, 0x00000000e3900000| Untracked 
|  58|0x00000000e3a00000, 0x00000000e3a00000, 0x00000000e3b00000|  0%| F|  |TAMS 0x00000000e3a00000, 0x00000000e3a00000| Untracked 
|  59|0x00000000e3b00000, 0x00000000e3b00000, 0x00000000e3c00000|  0%| F|  |TAMS 0x00000000e3b00000, 0x00000000e3b00000| Untracked 
|  60|0x00000000e3c00000, 0x00000000e3c00000, 0x00000000e3d00000|  0%| F|  |TAMS 0x00000000e3c00000, 0x00000000e3c00000| Untracked 
|  61|0x00000000e3d00000, 0x00000000e3d00000, 0x00000000e3e00000|  0%| F|  |TAMS 0x00000000e3d00000, 0x00000000e3d00000| Untracked 
|  62|0x00000000e3e00000, 0x00000000e3e00000, 0x00000000e3f00000|  0%| F|  |TAMS 0x00000000e3e00000, 0x00000000e3e00000| Untracked 
|  63|0x00000000e3f00000, 0x00000000e3f00000, 0x00000000e4000000|  0%| F|  |TAMS 0x00000000e3f00000, 0x00000000e3f00000| Untracked 
|  64|0x00000000e4000000, 0x00000000e4000000, 0x00000000e4100000|  0%| F|  |TAMS 0x00000000e4000000, 0x00000000e4000000| Untracked 
|  65|0x00000000e4100000, 0x00000000e4100000, 0x00000000e4200000|  0%| F|  |TAMS 0x00000000e4100000, 0x00000000e4100000| Untracked 
|  66|0x00000000e4200000, 0x00000000e4200000, 0x00000000e4300000|  0%| F|  |TAMS 0x00000000e4200000, 0x00000000e4200000| Untracked 
|  67|0x00000000e4300000, 0x00000000e4300000, 0x00000000e4400000|  0%| F|  |TAMS 0x00000000e4300000, 0x00000000e4300000| Untracked 
|  68|0x00000000e4400000, 0x00000000e4400000, 0x00000000e4500000|  0%| F|  |TAMS 0x00000000e4400000, 0x00000000e4400000| Untracked 
|  69|0x00000000e4500000, 0x00000000e4500000, 0x00000000e4600000|  0%| F|  |TAMS 0x00000000e4500000, 0x00000000e4500000| Untracked 
|  70|0x00000000e4600000, 0x00000000e4600000, 0x00000000e4700000|  0%| F|  |TAMS 0x00000000e4600000, 0x00000000e4600000| Untracked 
|  71|0x00000000e4700000, 0x00000000e4700000, 0x00000000e4800000|  0%| F|  |TAMS 0x00000000e4700000, 0x00000000e4700000| Untracked 
|  72|0x00000000e4800000, 0x00000000e4800000, 0x00000000e4900000|  0%| F|  |TAMS 0x00000000e4800000, 0x00000000e4800000| Untracked 
|  73|0x00000000e4900000, 0x00000000e4900000, 0x00000000e4a00000|  0%| F|  |TAMS 0x00000000e4900000, 0x00000000e4900000| Untracked 
|  74|0x00000000e4a00000, 0x00000000e4a00000, 0x00000000e4b00000|  0%| F|  |TAMS 0x00000000e4a00000, 0x00000000e4a00000| Untracked 
|  75|0x00000000e4b00000, 0x00000000e4b00000, 0x00000000e4c00000|  0%| F|  |TAMS 0x00000000e4b00000, 0x00000000e4b00000| Untracked 
|  76|0x00000000e4c00000, 0x00000000e4c00000, 0x00000000e4d00000|  0%| F|  |TAMS 0x00000000e4c00000, 0x00000000e4c00000| Untracked 
|  77|0x00000000e4d00000, 0x00000000e4d00000, 0x00000000e4e00000|  0%| F|  |TAMS 0x00000000e4d00000, 0x00000000e4d00000| Untracked 
|  78|0x00000000e4e00000, 0x00000000e4e00000, 0x00000000e4f00000|  0%| F|  |TAMS 0x00000000e4e00000, 0x00000000e4e00000| Untracked 
|  79|0x00000000e4f00000, 0x00000000e4f00000, 0x00000000e5000000|  0%| F|  |TAMS 0x00000000e4f00000, 0x00000000e4f00000| Untracked 
|  80|0x00000000e5000000, 0x00000000e5000000, 0x00000000e5100000|  0%| F|  |TAMS 0x00000000e5000000, 0x00000000e5000000| Untracked 
|  81|0x00000000e5100000, 0x00000000e5100000, 0x00000000e5200000|  0%| F|  |TAMS 0x00000000e5100000, 0x00000000e5100000| Untracked 
|  82|0x00000000e5200000, 0x00000000e5200000, 0x00000000e5300000|  0%| F|  |TAMS 0x00000000e5200000, 0x00000000e5200000| Untracked 
|  83|0x00000000e5300000, 0x00000000e5300000, 0x00000000e5400000|  0%| F|  |TAMS 0x00000000e5300000, 0x00000000e5300000| Untracked 
|  84|0x00000000e5400000, 0x00000000e5400000, 0x00000000e5500000|  0%| F|  |TAMS 0x00000000e5400000, 0x00000000e5400000| Untracked 
|  85|0x00000000e5500000, 0x00000000e5500000, 0x00000000e5600000|  0%| F|  |TAMS 0x00000000e5500000, 0x00000000e5500000| Untracked 
|  86|0x00000000e5600000, 0x00000000e5600000, 0x00000000e5700000|  0%| F|  |TAMS 0x00000000e5600000, 0x00000000e5600000| Untracked 
|  87|0x00000000e5700000, 0x00000000e5700000, 0x00000000e5800000|  0%| F|  |TAMS 0x00000000e5700000, 0x00000000e5700000| Untracked 
|  88|0x00000000e5800000, 0x00000000e5800000, 0x00000000e5900000|  0%| F|  |TAMS 0x00000000e5800000, 0x00000000e5800000| Untracked 
|  89|0x00000000e5900000, 0x00000000e5900000, 0x00000000e5a00000|  0%| F|  |TAMS 0x00000000e5900000, 0x00000000e5900000| Untracked 
|  90|0x00000000e5a00000, 0x00000000e5a00000, 0x00000000e5b00000|  0%| F|  |TAMS 0x00000000e5a00000, 0x00000000e5a00000| Untracked 
|  91|0x00000000e5b00000, 0x00000000e5b00000, 0x00000000e5c00000|  0%| F|  |TAMS 0x00000000e5b00000, 0x00000000e5b00000| Untracked 
|  92|0x00000000e5c00000, 0x00000000e5c00000, 0x00000000e5d00000|  0%| F|  |TAMS 0x00000000e5c00000, 0x00000000e5c00000| Untracked 
|  93|0x00000000e5d00000, 0x00000000e5d00000, 0x00000000e5e00000|  0%| F|  |TAMS 0x00000000e5d00000, 0x00000000e5d00000| Untracked 
|  94|0x00000000e5e00000, 0x00000000e5e00000, 0x00000000e5f00000|  0%| F|  |TAMS 0x00000000e5e00000, 0x00000000e5e00000| Untracked 
|  95|0x00000000e5f00000, 0x00000000e5f00000, 0x00000000e6000000|  0%| F|  |TAMS 0x00000000e5f00000, 0x00000000e5f00000| Untracked 
|  96|0x00000000e6000000, 0x00000000e6000000, 0x00000000e6100000|  0%| F|  |TAMS 0x00000000e6000000, 0x00000000e6000000| Untracked 
|  97|0x00000000e6100000, 0x00000000e6100000, 0x00000000e6200000|  0%| F|  |TAMS 0x00000000e6100000, 0x00000000e6100000| Untracked 
|  98|0x00000000e6200000, 0x00000000e6200000, 0x00000000e6300000|  0%| F|  |TAMS 0x00000000e6200000, 0x00000000e6200000| Untracked 
|  99|0x00000000e6300000, 0x00000000e6300000, 0x00000000e6400000|  0%| F|  |TAMS 0x00000000e6300000, 0x00000000e6300000| Untracked 
| 100|0x00000000e6400000, 0x00000000e6400000, 0x00000000e6500000|  0%| F|  |TAMS 0x00000000e6400000, 0x00000000e6400000| Untracked 
| 101|0x00000000e6500000, 0x00000000e6500000, 0x00000000e6600000|  0%| F|  |TAMS 0x00000000e6500000, 0x00000000e6500000| Untracked 
| 102|0x00000000e6600000, 0x00000000e6600000, 0x00000000e6700000|  0%| F|  |TAMS 0x00000000e6600000, 0x00000000e6600000| Untracked 
| 103|0x00000000e6700000, 0x00000000e6700000, 0x00000000e6800000|  0%| F|  |TAMS 0x00000000e6700000, 0x00000000e6700000| Untracked 
| 104|0x00000000e6800000, 0x00000000e6800000, 0x00000000e6900000|  0%| F|  |TAMS 0x00000000e6800000, 0x00000000e6800000| Untracked 
| 105|0x00000000e6900000, 0x00000000e6900000, 0x00000000e6a00000|  0%| F|  |TAMS 0x00000000e6900000, 0x00000000e6900000| Untracked 
| 106|0x00000000e6a00000, 0x00000000e6a00000, 0x00000000e6b00000|  0%| F|  |TAMS 0x00000000e6a00000, 0x00000000e6a00000| Untracked 
| 107|0x00000000e6b00000, 0x00000000e6b00000, 0x00000000e6c00000|  0%| F|  |TAMS 0x00000000e6b00000, 0x00000000e6b00000| Untracked 
| 108|0x00000000e6c00000, 0x00000000e6c00000, 0x00000000e6d00000|  0%| F|  |TAMS 0x00000000e6c00000, 0x00000000e6c00000| Untracked 
| 109|0x00000000e6d00000, 0x00000000e6d00000, 0x00000000e6e00000|  0%| F|  |TAMS 0x00000000e6d00000, 0x00000000e6d00000| Untracked 
| 110|0x00000000e6e00000, 0x00000000e6e00000, 0x00000000e6f00000|  0%| F|  |TAMS 0x00000000e6e00000, 0x00000000e6e00000| Untracked 
| 111|0x00000000e6f00000, 0x00000000e6f00000, 0x00000000e7000000|  0%| F|  |TAMS 0x00000000e6f00000, 0x00000000e6f00000| Untracked 
| 112|0x00000000e7000000, 0x00000000e7000000, 0x00000000e7100000|  0%| F|  |TAMS 0x00000000e7000000, 0x00000000e7000000| Untracked 
| 113|0x00000000e7100000, 0x00000000e7100000, 0x00000000e7200000|  0%| F|  |TAMS 0x00000000e7100000, 0x00000000e7100000| Untracked 
| 114|0x00000000e7200000, 0x00000000e7200000, 0x00000000e7300000|  0%| F|  |TAMS 0x00000000e7200000, 0x00000000e7200000| Untracked 
| 115|0x00000000e7300000, 0x00000000e7300000, 0x00000000e7400000|  0%| F|  |TAMS 0x00000000e7300000, 0x00000000e7300000| Untracked 
| 116|0x00000000e7400000, 0x00000000e7400000, 0x00000000e7500000|  0%| F|  |TAMS 0x00000000e7400000, 0x00000000e7400000| Untracked 
| 117|0x00000000e7500000, 0x00000000e7500000, 0x00000000e7600000|  0%| F|  |TAMS 0x00000000e7500000, 0x00000000e7500000| Untracked 
| 118|0x00000000e7600000, 0x00000000e7600000, 0x00000000e7700000|  0%| F|  |TAMS 0x00000000e7600000, 0x00000000e7600000| Untracked 
| 119|0x00000000e7700000, 0x00000000e7700000, 0x00000000e7800000|  0%| F|  |TAMS 0x00000000e7700000, 0x00000000e7700000| Untracked 
| 120|0x00000000e7800000, 0x00000000e7800000, 0x00000000e7900000|  0%| F|  |TAMS 0x00000000e7800000, 0x00000000e7800000| Untracked 
| 121|0x00000000e7900000, 0x00000000e7900000, 0x00000000e7a00000|  0%| F|  |TAMS 0x00000000e7900000, 0x00000000e7900000| Untracked 
| 122|0x00000000e7a00000, 0x00000000e7b00000, 0x00000000e7b00000|100%| S|CS|TAMS 0x00000000e7a00000, 0x00000000e7a00000| Complete 
| 123|0x00000000e7b00000, 0x00000000e7c00000, 0x00000000e7c00000|100%| S|CS|TAMS 0x00000000e7b00000, 0x00000000e7b00000| Complete 
| 124|0x00000000e7c00000, 0x00000000e7d00000, 0x00000000e7d00000|100%| S|CS|TAMS 0x00000000e7c00000, 0x00000000e7c00000| Complete 
| 125|0x00000000e7d00000, 0x00000000e7e00000, 0x00000000e7e00000|100%| S|CS|TAMS 0x00000000e7d00000, 0x00000000e7d00000| Complete 
| 126|0x00000000e7e00000, 0x00000000e7f00000, 0x00000000e7f00000|100%| S|CS|TAMS 0x00000000e7e00000, 0x00000000e7e00000| Complete 
| 127|0x00000000e7f00000, 0x00000000e8000000, 0x00000000e8000000|100%| S|CS|TAMS 0x00000000e7f00000, 0x00000000e7f00000| Complete 
| 128|0x00000000e8000000, 0x00000000e8100000, 0x00000000e8100000|100%| S|CS|TAMS 0x00000000e8000000, 0x00000000e8000000| Complete 
| 129|0x00000000e8100000, 0x00000000e8200000, 0x00000000e8200000|100%| S|CS|TAMS 0x00000000e8100000, 0x00000000e8100000| Complete 
| 130|0x00000000e8200000, 0x00000000e8300000, 0x00000000e8300000|100%| S|CS|TAMS 0x00000000e8200000, 0x00000000e8200000| Complete 
| 131|0x00000000e8300000, 0x00000000e8400000, 0x00000000e8400000|100%| S|CS|TAMS 0x00000000e8300000, 0x00000000e8300000| Complete 
| 132|0x00000000e8400000, 0x00000000e8500000, 0x00000000e8500000|100%| S|CS|TAMS 0x00000000e8400000, 0x00000000e8400000| Complete 
| 133|0x00000000e8500000, 0x00000000e8600000, 0x00000000e8600000|100%| S|CS|TAMS 0x00000000e8500000, 0x00000000e8500000| Complete 
| 134|0x00000000e8600000, 0x00000000e8700000, 0x00000000e8700000|100%| S|CS|TAMS 0x00000000e8600000, 0x00000000e8600000| Complete 
| 135|0x00000000e8700000, 0x00000000e8800000, 0x00000000e8800000|100%| S|CS|TAMS 0x00000000e8700000, 0x00000000e8700000| Complete 
| 136|0x00000000e8800000, 0x00000000e8900000, 0x00000000e8900000|100%| S|CS|TAMS 0x00000000e8800000, 0x00000000e8800000| Complete 
| 137|0x00000000e8900000, 0x00000000e8900000, 0x00000000e8a00000|  0%| F|  |TAMS 0x00000000e8900000, 0x00000000e8900000| Untracked 
| 138|0x00000000e8a00000, 0x00000000e8a00000, 0x00000000e8b00000|  0%| F|  |TAMS 0x00000000e8a00000, 0x00000000e8a00000| Untracked 
| 139|0x00000000e8b00000, 0x00000000e8b00000, 0x00000000e8c00000|  0%| F|  |TAMS 0x00000000e8b00000, 0x00000000e8b00000| Untracked 
| 140|0x00000000e8c00000, 0x00000000e8c00000, 0x00000000e8d00000|  0%| F|  |TAMS 0x00000000e8c00000, 0x00000000e8c00000| Untracked 
| 141|0x00000000e8d00000, 0x00000000e8d00000, 0x00000000e8e00000|  0%| F|  |TAMS 0x00000000e8d00000, 0x00000000e8d00000| Untracked 
| 142|0x00000000e8e00000, 0x00000000e8e00000, 0x00000000e8f00000|  0%| F|  |TAMS 0x00000000e8e00000, 0x00000000e8e00000| Untracked 
| 143|0x00000000e8f00000, 0x00000000e8f00000, 0x00000000e9000000|  0%| F|  |TAMS 0x00000000e8f00000, 0x00000000e8f00000| Untracked 
| 144|0x00000000e9000000, 0x00000000e9000000, 0x00000000e9100000|  0%| F|  |TAMS 0x00000000e9000000, 0x00000000e9000000| Untracked 
| 145|0x00000000e9100000, 0x00000000e9100000, 0x00000000e9200000|  0%| F|  |TAMS 0x00000000e9100000, 0x00000000e9100000| Untracked 
| 146|0x00000000e9200000, 0x00000000e9300000, 0x00000000e9300000|100%| E|  |TAMS 0x00000000e9200000, 0x00000000e9200000| Complete 
| 147|0x00000000e9300000, 0x00000000e9400000, 0x00000000e9400000|100%| E|CS|TAMS 0x00000000e9300000, 0x00000000e9300000| Complete 
| 148|0x00000000e9400000, 0x00000000e9500000, 0x00000000e9500000|100%| E|CS|TAMS 0x00000000e9400000, 0x00000000e9400000| Complete 
| 149|0x00000000e9500000, 0x00000000e9600000, 0x00000000e9600000|100%| E|CS|TAMS 0x00000000e9500000, 0x00000000e9500000| Complete 
| 150|0x00000000e9600000, 0x00000000e9700000, 0x00000000e9700000|100%| E|CS|TAMS 0x00000000e9600000, 0x00000000e9600000| Complete 
| 151|0x00000000e9700000, 0x00000000e9800000, 0x00000000e9800000|100%| E|CS|TAMS 0x00000000e9700000, 0x00000000e9700000| Complete 
| 152|0x00000000e9800000, 0x00000000e9900000, 0x00000000e9900000|100%| E|CS|TAMS 0x00000000e9800000, 0x00000000e9800000| Complete 
| 153|0x00000000e9900000, 0x00000000e9a00000, 0x00000000e9a00000|100%| E|CS|TAMS 0x00000000e9900000, 0x00000000e9900000| Complete 
| 154|0x00000000e9a00000, 0x00000000e9b00000, 0x00000000e9b00000|100%| E|CS|TAMS 0x00000000e9a00000, 0x00000000e9a00000| Complete 
| 155|0x00000000e9b00000, 0x00000000e9c00000, 0x00000000e9c00000|100%| E|CS|TAMS 0x00000000e9b00000, 0x00000000e9b00000| Complete 
| 156|0x00000000e9c00000, 0x00000000e9d00000, 0x00000000e9d00000|100%| E|CS|TAMS 0x00000000e9c00000, 0x00000000e9c00000| Complete 
| 157|0x00000000e9d00000, 0x00000000e9e00000, 0x00000000e9e00000|100%| E|CS|TAMS 0x00000000e9d00000, 0x00000000e9d00000| Complete 
| 158|0x00000000e9e00000, 0x00000000e9f00000, 0x00000000e9f00000|100%| E|CS|TAMS 0x00000000e9e00000, 0x00000000e9e00000| Complete 
| 159|0x00000000e9f00000, 0x00000000ea000000, 0x00000000ea000000|100%| E|CS|TAMS 0x00000000e9f00000, 0x00000000e9f00000| Complete 
| 160|0x00000000ea000000, 0x00000000ea100000, 0x00000000ea100000|100%| E|CS|TAMS 0x00000000ea000000, 0x00000000ea000000| Complete 
| 161|0x00000000ea100000, 0x00000000ea200000, 0x00000000ea200000|100%| E|CS|TAMS 0x00000000ea100000, 0x00000000ea100000| Complete 
| 162|0x00000000ea200000, 0x00000000ea300000, 0x00000000ea300000|100%| E|CS|TAMS 0x00000000ea200000, 0x00000000ea200000| Complete 
| 163|0x00000000ea300000, 0x00000000ea400000, 0x00000000ea400000|100%| E|CS|TAMS 0x00000000ea300000, 0x00000000ea300000| Complete 
| 164|0x00000000ea400000, 0x00000000ea500000, 0x00000000ea500000|100%| E|CS|TAMS 0x00000000ea400000, 0x00000000ea400000| Complete 
| 165|0x00000000ea500000, 0x00000000ea600000, 0x00000000ea600000|100%| E|CS|TAMS 0x00000000ea500000, 0x00000000ea500000| Complete 
| 166|0x00000000ea600000, 0x00000000ea700000, 0x00000000ea700000|100%| E|CS|TAMS 0x00000000ea600000, 0x00000000ea600000| Complete 
| 167|0x00000000ea700000, 0x00000000ea800000, 0x00000000ea800000|100%| E|CS|TAMS 0x00000000ea700000, 0x00000000ea700000| Complete 
| 168|0x00000000ea800000, 0x00000000ea900000, 0x00000000ea900000|100%| E|CS|TAMS 0x00000000ea800000, 0x00000000ea800000| Complete 
| 169|0x00000000ea900000, 0x00000000eaa00000, 0x00000000eaa00000|100%| E|CS|TAMS 0x00000000ea900000, 0x00000000ea900000| Complete 
| 170|0x00000000eaa00000, 0x00000000eab00000, 0x00000000eab00000|100%| E|CS|TAMS 0x00000000eaa00000, 0x00000000eaa00000| Complete 
| 171|0x00000000eab00000, 0x00000000eac00000, 0x00000000eac00000|100%| E|CS|TAMS 0x00000000eab00000, 0x00000000eab00000| Complete 
| 172|0x00000000eac00000, 0x00000000ead00000, 0x00000000ead00000|100%| E|CS|TAMS 0x00000000eac00000, 0x00000000eac00000| Complete 
| 173|0x00000000ead00000, 0x00000000eae00000, 0x00000000eae00000|100%| E|CS|TAMS 0x00000000ead00000, 0x00000000ead00000| Complete 
| 174|0x00000000eae00000, 0x00000000eaf00000, 0x00000000eaf00000|100%| E|CS|TAMS 0x00000000eae00000, 0x00000000eae00000| Complete 
| 175|0x00000000eaf00000, 0x00000000eb000000, 0x00000000eb000000|100%| E|CS|TAMS 0x00000000eaf00000, 0x00000000eaf00000| Complete 
| 176|0x00000000eb000000, 0x00000000eb100000, 0x00000000eb100000|100%| E|CS|TAMS 0x00000000eb000000, 0x00000000eb000000| Complete 
| 177|0x00000000eb100000, 0x00000000eb200000, 0x00000000eb200000|100%| E|CS|TAMS 0x00000000eb100000, 0x00000000eb100000| Complete 
| 178|0x00000000eb200000, 0x00000000eb300000, 0x00000000eb300000|100%| E|CS|TAMS 0x00000000eb200000, 0x00000000eb200000| Complete 
| 179|0x00000000eb300000, 0x00000000eb400000, 0x00000000eb400000|100%| E|CS|TAMS 0x00000000eb300000, 0x00000000eb300000| Complete 
| 180|0x00000000eb400000, 0x00000000eb500000, 0x00000000eb500000|100%| E|CS|TAMS 0x00000000eb400000, 0x00000000eb400000| Complete 
| 181|0x00000000eb500000, 0x00000000eb600000, 0x00000000eb600000|100%| E|CS|TAMS 0x00000000eb500000, 0x00000000eb500000| Complete 
| 182|0x00000000eb600000, 0x00000000eb700000, 0x00000000eb700000|100%| E|CS|TAMS 0x00000000eb600000, 0x00000000eb600000| Complete 
| 183|0x00000000eb700000, 0x00000000eb800000, 0x00000000eb800000|100%| E|CS|TAMS 0x00000000eb700000, 0x00000000eb700000| Complete 
| 184|0x00000000eb800000, 0x00000000eb900000, 0x00000000eb900000|100%| E|CS|TAMS 0x00000000eb800000, 0x00000000eb800000| Complete 
| 185|0x00000000eb900000, 0x00000000eba00000, 0x00000000eba00000|100%| E|CS|TAMS 0x00000000eb900000, 0x00000000eb900000| Complete 
| 186|0x00000000eba00000, 0x00000000ebb00000, 0x00000000ebb00000|100%| E|CS|TAMS 0x00000000eba00000, 0x00000000eba00000| Complete 
| 187|0x00000000ebb00000, 0x00000000ebc00000, 0x00000000ebc00000|100%| E|CS|TAMS 0x00000000ebb00000, 0x00000000ebb00000| Complete 
| 188|0x00000000ebc00000, 0x00000000ebd00000, 0x00000000ebd00000|100%| E|CS|TAMS 0x00000000ebc00000, 0x00000000ebc00000| Complete 
| 189|0x00000000ebd00000, 0x00000000ebe00000, 0x00000000ebe00000|100%| E|CS|TAMS 0x00000000ebd00000, 0x00000000ebd00000| Complete 
| 190|0x00000000ebe00000, 0x00000000ebf00000, 0x00000000ebf00000|100%| E|CS|TAMS 0x00000000ebe00000, 0x00000000ebe00000| Complete 
| 191|0x00000000ebf00000, 0x00000000ec000000, 0x00000000ec000000|100%| E|CS|TAMS 0x00000000ebf00000, 0x00000000ebf00000| Complete 
| 192|0x00000000ec000000, 0x00000000ec100000, 0x00000000ec100000|100%| E|CS|TAMS 0x00000000ec000000, 0x00000000ec000000| Complete 
| 193|0x00000000ec100000, 0x00000000ec200000, 0x00000000ec200000|100%| E|CS|TAMS 0x00000000ec100000, 0x00000000ec100000| Complete 
| 194|0x00000000ec200000, 0x00000000ec300000, 0x00000000ec300000|100%| E|CS|TAMS 0x00000000ec200000, 0x00000000ec200000| Complete 
| 195|0x00000000ec300000, 0x00000000ec400000, 0x00000000ec400000|100%| E|CS|TAMS 0x00000000ec300000, 0x00000000ec300000| Complete 
| 196|0x00000000ec400000, 0x00000000ec500000, 0x00000000ec500000|100%| E|CS|TAMS 0x00000000ec400000, 0x00000000ec400000| Complete 
| 197|0x00000000ec500000, 0x00000000ec600000, 0x00000000ec600000|100%| E|CS|TAMS 0x00000000ec500000, 0x00000000ec500000| Complete 
| 198|0x00000000ec600000, 0x00000000ec700000, 0x00000000ec700000|100%| E|CS|TAMS 0x00000000ec600000, 0x00000000ec600000| Complete 
| 199|0x00000000ec700000, 0x00000000ec800000, 0x00000000ec800000|100%| E|CS|TAMS 0x00000000ec700000, 0x00000000ec700000| Complete 
| 200|0x00000000ec800000, 0x00000000ec900000, 0x00000000ec900000|100%| E|CS|TAMS 0x00000000ec800000, 0x00000000ec800000| Complete 
| 201|0x00000000ec900000, 0x00000000eca00000, 0x00000000eca00000|100%| E|CS|TAMS 0x00000000ec900000, 0x00000000ec900000| Complete 
| 202|0x00000000eca00000, 0x00000000ecb00000, 0x00000000ecb00000|100%| E|CS|TAMS 0x00000000eca00000, 0x00000000eca00000| Complete 
| 203|0x00000000ecb00000, 0x00000000ecc00000, 0x00000000ecc00000|100%| E|CS|TAMS 0x00000000ecb00000, 0x00000000ecb00000| Complete 
| 204|0x00000000ecc00000, 0x00000000ecd00000, 0x00000000ecd00000|100%| E|CS|TAMS 0x00000000ecc00000, 0x00000000ecc00000| Complete 
| 205|0x00000000ecd00000, 0x00000000ece00000, 0x00000000ece00000|100%| E|CS|TAMS 0x00000000ecd00000, 0x00000000ecd00000| Complete 
| 206|0x00000000ece00000, 0x00000000ecf00000, 0x00000000ecf00000|100%| E|CS|TAMS 0x00000000ece00000, 0x00000000ece00000| Complete 
| 207|0x00000000ecf00000, 0x00000000ed000000, 0x00000000ed000000|100%| E|CS|TAMS 0x00000000ecf00000, 0x00000000ecf00000| Complete 
| 208|0x00000000ed000000, 0x00000000ed100000, 0x00000000ed100000|100%| E|CS|TAMS 0x00000000ed000000, 0x00000000ed000000| Complete 
| 209|0x00000000ed100000, 0x00000000ed200000, 0x00000000ed200000|100%| E|CS|TAMS 0x00000000ed100000, 0x00000000ed100000| Complete 
| 210|0x00000000ed200000, 0x00000000ed300000, 0x00000000ed300000|100%| E|CS|TAMS 0x00000000ed200000, 0x00000000ed200000| Complete 
| 211|0x00000000ed300000, 0x00000000ed400000, 0x00000000ed400000|100%| E|CS|TAMS 0x00000000ed300000, 0x00000000ed300000| Complete 
| 212|0x00000000ed400000, 0x00000000ed500000, 0x00000000ed500000|100%| E|CS|TAMS 0x00000000ed400000, 0x00000000ed400000| Complete 
| 213|0x00000000ed500000, 0x00000000ed600000, 0x00000000ed600000|100%| E|CS|TAMS 0x00000000ed500000, 0x00000000ed500000| Complete 
| 214|0x00000000ed600000, 0x00000000ed700000, 0x00000000ed700000|100%| E|CS|TAMS 0x00000000ed600000, 0x00000000ed600000| Complete 
| 215|0x00000000ed700000, 0x00000000ed800000, 0x00000000ed800000|100%| E|CS|TAMS 0x00000000ed700000, 0x00000000ed700000| Complete 
| 216|0x00000000ed800000, 0x00000000ed900000, 0x00000000ed900000|100%| E|CS|TAMS 0x00000000ed800000, 0x00000000ed800000| Complete 
| 217|0x00000000ed900000, 0x00000000eda00000, 0x00000000eda00000|100%| E|CS|TAMS 0x00000000ed900000, 0x00000000ed900000| Complete 
| 218|0x00000000eda00000, 0x00000000edb00000, 0x00000000edb00000|100%| E|CS|TAMS 0x00000000eda00000, 0x00000000eda00000| Complete 
| 219|0x00000000edb00000, 0x00000000edc00000, 0x00000000edc00000|100%| E|CS|TAMS 0x00000000edb00000, 0x00000000edb00000| Complete 
| 220|0x00000000edc00000, 0x00000000edd00000, 0x00000000edd00000|100%| E|CS|TAMS 0x00000000edc00000, 0x00000000edc00000| Complete 
| 221|0x00000000edd00000, 0x00000000ede00000, 0x00000000ede00000|100%| E|CS|TAMS 0x00000000edd00000, 0x00000000edd00000| Complete 
| 222|0x00000000ede00000, 0x00000000edf00000, 0x00000000edf00000|100%| E|CS|TAMS 0x00000000ede00000, 0x00000000ede00000| Complete 
| 223|0x00000000edf00000, 0x00000000ee000000, 0x00000000ee000000|100%| E|CS|TAMS 0x00000000edf00000, 0x00000000edf00000| Complete 
| 224|0x00000000ee000000, 0x00000000ee100000, 0x00000000ee100000|100%| E|CS|TAMS 0x00000000ee000000, 0x00000000ee000000| Complete 
| 225|0x00000000ee100000, 0x00000000ee200000, 0x00000000ee200000|100%| E|CS|TAMS 0x00000000ee100000, 0x00000000ee100000| Complete 
| 226|0x00000000ee200000, 0x00000000ee300000, 0x00000000ee300000|100%| E|CS|TAMS 0x00000000ee200000, 0x00000000ee200000| Complete 
| 227|0x00000000ee300000, 0x00000000ee400000, 0x00000000ee400000|100%| E|CS|TAMS 0x00000000ee300000, 0x00000000ee300000| Complete 
| 228|0x00000000ee400000, 0x00000000ee500000, 0x00000000ee500000|100%| E|CS|TAMS 0x00000000ee400000, 0x00000000ee400000| Complete 
| 229|0x00000000ee500000, 0x00000000ee600000, 0x00000000ee600000|100%| E|CS|TAMS 0x00000000ee500000, 0x00000000ee500000| Complete 
| 230|0x00000000ee600000, 0x00000000ee700000, 0x00000000ee700000|100%| E|CS|TAMS 0x00000000ee600000, 0x00000000ee600000| Complete 
| 231|0x00000000ee700000, 0x00000000ee800000, 0x00000000ee800000|100%| E|CS|TAMS 0x00000000ee700000, 0x00000000ee700000| Complete 
| 232|0x00000000ee800000, 0x00000000ee900000, 0x00000000ee900000|100%| E|CS|TAMS 0x00000000ee800000, 0x00000000ee800000| Complete 
| 233|0x00000000ee900000, 0x00000000eea00000, 0x00000000eea00000|100%| E|CS|TAMS 0x00000000ee900000, 0x00000000ee900000| Complete 
| 234|0x00000000eea00000, 0x00000000eeb00000, 0x00000000eeb00000|100%| E|CS|TAMS 0x00000000eea00000, 0x00000000eea00000| Complete 
| 235|0x00000000eeb00000, 0x00000000eec00000, 0x00000000eec00000|100%| E|CS|TAMS 0x00000000eeb00000, 0x00000000eeb00000| Complete 
| 236|0x00000000eec00000, 0x00000000eed00000, 0x00000000eed00000|100%| E|CS|TAMS 0x00000000eec00000, 0x00000000eec00000| Complete 
| 237|0x00000000eed00000, 0x00000000eee00000, 0x00000000eee00000|100%| E|CS|TAMS 0x00000000eed00000, 0x00000000eed00000| Complete 
| 238|0x00000000eee00000, 0x00000000eef00000, 0x00000000eef00000|100%| E|CS|TAMS 0x00000000eee00000, 0x00000000eee00000| Complete 
| 239|0x00000000eef00000, 0x00000000ef000000, 0x00000000ef000000|100%| E|CS|TAMS 0x00000000eef00000, 0x00000000eef00000| Complete 
| 240|0x00000000ef000000, 0x00000000ef100000, 0x00000000ef100000|100%| E|CS|TAMS 0x00000000ef000000, 0x00000000ef000000| Complete 
| 241|0x00000000ef100000, 0x00000000ef200000, 0x00000000ef200000|100%| E|CS|TAMS 0x00000000ef100000, 0x00000000ef100000| Complete 
| 242|0x00000000ef200000, 0x00000000ef300000, 0x00000000ef300000|100%| E|CS|TAMS 0x00000000ef200000, 0x00000000ef200000| Complete 
| 243|0x00000000ef300000, 0x00000000ef400000, 0x00000000ef400000|100%| E|CS|TAMS 0x00000000ef300000, 0x00000000ef300000| Complete 
| 244|0x00000000ef400000, 0x00000000ef500000, 0x00000000ef500000|100%| E|CS|TAMS 0x00000000ef400000, 0x00000000ef400000| Complete 
| 245|0x00000000ef500000, 0x00000000ef600000, 0x00000000ef600000|100%| E|CS|TAMS 0x00000000ef500000, 0x00000000ef500000| Complete 
| 246|0x00000000ef600000, 0x00000000ef700000, 0x00000000ef700000|100%| E|CS|TAMS 0x00000000ef600000, 0x00000000ef600000| Complete 
| 247|0x00000000ef700000, 0x00000000ef800000, 0x00000000ef800000|100%| E|CS|TAMS 0x00000000ef700000, 0x00000000ef700000| Complete 
| 248|0x00000000ef800000, 0x00000000ef900000, 0x00000000ef900000|100%| E|CS|TAMS 0x00000000ef800000, 0x00000000ef800000| Complete 
| 249|0x00000000ef900000, 0x00000000efa00000, 0x00000000efa00000|100%| E|CS|TAMS 0x00000000ef900000, 0x00000000ef900000| Complete 
| 250|0x00000000efa00000, 0x00000000efb00000, 0x00000000efb00000|100%| E|CS|TAMS 0x00000000efa00000, 0x00000000efa00000| Complete 
| 251|0x00000000efb00000, 0x00000000efc00000, 0x00000000efc00000|100%| E|CS|TAMS 0x00000000efb00000, 0x00000000efb00000| Complete 
| 252|0x00000000efc00000, 0x00000000efd00000, 0x00000000efd00000|100%| E|CS|TAMS 0x00000000efc00000, 0x00000000efc00000| Complete 
| 253|0x00000000efd00000, 0x00000000efe00000, 0x00000000efe00000|100%| E|CS|TAMS 0x00000000efd00000, 0x00000000efd00000| Complete 
| 254|0x00000000efe00000, 0x00000000eff00000, 0x00000000eff00000|100%| E|CS|TAMS 0x00000000efe00000, 0x00000000efe00000| Complete 
| 255|0x00000000eff00000, 0x00000000f0000000, 0x00000000f0000000|100%| E|  |TAMS 0x00000000eff00000, 0x00000000eff00000| Complete 

Card table byte_map: [0x00000221471c0000,0x00000221472c0000] _byte_map_base: 0x0000022146ac0000

Marking Bits (Prev, Next): (CMBitMap*) 0x000002212fa74078, (CMBitMap*) 0x000002212fa740b0
 Prev Bits: [0x00000221473c0000, 0x0000022147bc0000)
 Next Bits: [0x0000022147bc0000, 0x00000221483c0000)

Polling page: 0x000002212d8e0000

Metaspace:

Usage:
  Non-class:     48.67 MB capacity,    47.65 MB ( 98%) used,   872.77 KB (  2%) free+waste,   171.88 KB ( <1%) overhead. 
      Class:      7.76 MB capacity,     7.09 MB ( 91%) used,   604.97 KB (  8%) free+waste,    84.88 KB (  1%) overhead. 
       Both:     56.43 MB capacity,    54.74 MB ( 97%) used,     1.44 MB (  3%) free+waste,   256.75 KB ( <1%) overhead. 

Virtual space:
  Non-class space:       50.00 MB reserved,      48.67 MB ( 97%) committed 
      Class space:      248.00 MB reserved,       7.88 MB (  3%) committed 
             Both:      298.00 MB reserved,      56.54 MB ( 19%) committed 

Chunk freelists:
   Non-Class:  1.00 KB
       Class:  0 bytes
        Both:  1.00 KB

MaxMetaspaceSize: 256.00 MB
CompressedClassSpaceSize: 248.00 MB
Initial GC threshold: 20.80 MB
Current GC threshold: 58.41 MB
CDS: off

CodeHeap 'non-profiled nmethods': size=120064Kb used=3142Kb max_used=3142Kb free=116921Kb
 bounds [0x000002213fc80000, 0x000002213ffa0000, 0x00000221471c0000]
CodeHeap 'profiled nmethods': size=120000Kb used=10994Kb max_used=10994Kb free=109005Kb
 bounds [0x0000022138750000, 0x0000022139210000, 0x000002213fc80000]
CodeHeap 'non-nmethods': size=5696Kb used=2324Kb max_used=2375Kb free=3371Kb
 bounds [0x00000221381c0000, 0x0000022138430000, 0x0000022138750000]
 total_blobs=5817 nmethods=4986 adapters=743
 compilation: enabled
              stopped_count=0, restarted_count=0
 full_count=0

Compilation events (20 events):
Event: 48.586 Thread 0x000002214b371800 nmethod 4984 0x0000022139204d90 code [0x0000022139204f40, 0x0000022139205078]
Event: 48.589 Thread 0x000002214b370000 4985       4       org.objectweb.asm.Frame::execute (2318 bytes)
Event: 48.595 Thread 0x000002214b371800 4988       3       java.util.LinkedHashMap::entrySet (27 bytes)
Event: 48.595 Thread 0x000002214b371800 nmethod 4988 0x0000022139205110 code [0x00000221392052e0, 0x00000221392056b8]
Event: 48.606 Thread 0x000002214b371800 4989       3       jdk.internal.misc.Unsafe::getAndSetObject (24 bytes)
Event: 48.606 Thread 0x000002214b371800 nmethod 4989 0x0000022139205810 code [0x00000221392059e0, 0x0000022139205cd8]
Event: 48.606 Thread 0x000002214b371800 4990       3       sun.misc.Unsafe::getAndSetObject (11 bytes)
Event: 48.606 Thread 0x000002214b371800 nmethod 4990 0x0000022139205e10 code [0x0000022139205fc0, 0x0000022139206118]
Event: 48.606 Thread 0x000002214b371800 4991       3       com.google.common.base.Ticker$1::read (4 bytes)
Event: 48.606 Thread 0x000002214b371800 nmethod 4991 0x0000022139206190 code [0x0000022139206340, 0x00000221392064b8]
Event: 48.609 Thread 0x000002214b371800 4992       3       com.google.common.cache.LocalCache$LoadingValueReference::set (9 bytes)
Event: 48.609 Thread 0x000002214b371800 nmethod 4992 0x0000022139206590 code [0x0000022139206760, 0x0000022139206908]
Event: 48.609 Thread 0x000002214b371800 4993       3       com.google.common.util.concurrent.SettableFuture::set (6 bytes)
Event: 48.610 Thread 0x000002214b371800 nmethod 4993 0x0000022139206a10 code [0x0000022139206c00, 0x0000022139206f88]
Event: 48.610 Thread 0x000002214b371800 4994       3       java.util.LinkedHashMap$LinkedEntrySet::iterator (12 bytes)
Event: 48.611 Thread 0x000002214b371800 nmethod 4994 0x0000022139207110 code [0x00000221392072e0, 0x0000022139207678]
Event: 48.611 Thread 0x000002214b371800 4995       3       java.util.LinkedHashMap$LinkedEntryIterator::<init> (11 bytes)
Event: 48.611 Thread 0x000002214b371800 nmethod 4995 0x0000022139207790 code [0x0000022139207960, 0x0000022139207c78]
Event: 48.646 Thread 0x000002214b371800 4997       3       java.util.concurrent.atomic.AtomicBoolean::get (13 bytes)
Event: 48.647 Thread 0x000002214b371800 nmethod 4997 0x0000022139207d90 code [0x0000022139207f40, 0x0000022139208098]

GC Heap History (16 events):
Event: 2.825 GC heap before
{Heap before GC invocations=0 (full 0):
 garbage-first heap   total 262144K, used 17408K [0x00000000e0000000, 0x0000000100000000)
  region size 1024K, 14 young (14336K), 0 survivors (0K)
 Metaspace       used 6816K, capacity 6991K, committed 7168K, reserved 262144K
  class space    used 574K, capacity 649K, committed 768K, reserved 253952K
}
Event: 2.844 GC heap after
{Heap after GC invocations=1 (full 0):
 garbage-first heap   total 262144K, used 8744K [0x00000000e0000000, 0x0000000100000000)
  region size 1024K, 2 young (2048K), 2 survivors (2048K)
 Metaspace       used 6816K, capacity 6991K, committed 7168K, reserved 262144K
  class space    used 574K, capacity 649K, committed 768K, reserved 253952K
}
Event: 7.407 GC heap before
{Heap before GC invocations=1 (full 0):
 garbage-first heap   total 262144K, used 21032K [0x00000000e0000000, 0x0000000100000000)
  region size 1024K, 14 young (14336K), 2 survivors (2048K)
 Metaspace       used 10345K, capacity 10616K, committed 10880K, reserved 264192K
  class space    used 1048K, capacity 1137K, committed 1152K, reserved 253952K
}
Event: 7.414 GC heap after
{Heap after GC invocations=2 (full 0):
 garbage-first heap   total 262144K, used 10494K [0x00000000e0000000, 0x0000000100000000)
  region size 1024K, 2 young (2048K), 2 survivors (2048K)
 Metaspace       used 10345K, capacity 10616K, committed 10880K, reserved 264192K
  class space    used 1048K, capacity 1137K, committed 1152K, reserved 253952K
}
Event: 10.220 GC heap before
{Heap before GC invocations=2 (full 0):
 garbage-first heap   total 262144K, used 49406K [0x00000000e0000000, 0x0000000100000000)
  region size 1024K, 39 young (39936K), 2 survivors (2048K)
 Metaspace       used 11449K, capacity 11817K, committed 12160K, reserved 266240K
  class space    used 1177K, capacity 1281K, committed 1408K, reserved 253952K
}
Event: 10.227 GC heap after
{Heap after GC invocations=3 (full 0):
 garbage-first heap   total 262144K, used 15060K [0x00000000e0000000, 0x0000000100000000)
  region size 1024K, 5 young (5120K), 5 survivors (5120K)
 Metaspace       used 11449K, capacity 11817K, committed 12160K, reserved 266240K
  class space    used 1177K, capacity 1281K, committed 1408K, reserved 253952K
}
Event: 18.053 GC heap before
{Heap before GC invocations=3 (full 0):
 garbage-first heap   total 262144K, used 54996K [0x00000000e0000000, 0x0000000100000000)
  region size 1024K, 46 young (47104K), 5 survivors (5120K)
 Metaspace       used 20593K, capacity 21026K, committed 21248K, reserved 274432K
  class space    used 2387K, capacity 2539K, committed 2560K, reserved 253952K
}
Event: 18.068 GC heap after
{Heap after GC invocations=4 (full 0):
 garbage-first heap   total 262144K, used 18205K [0x00000000e0000000, 0x0000000100000000)
  region size 1024K, 3 young (3072K), 3 survivors (3072K)
 Metaspace       used 20593K, capacity 21026K, committed 21248K, reserved 274432K
  class space    used 2387K, capacity 2539K, committed 2560K, reserved 253952K
}
Event: 21.726 GC heap before
{Heap before GC invocations=5 (full 0):
 garbage-first heap   total 262144K, used 73501K [0x00000000e0000000, 0x0000000100000000)
  region size 1024K, 57 young (58368K), 3 survivors (3072K)
 Metaspace       used 25280K, capacity 25976K, committed 26240K, reserved 278528K
  class space    used 3171K, capacity 3428K, committed 3456K, reserved 253952K
}
Event: 21.735 GC heap after
{Heap after GC invocations=6 (full 0):
 garbage-first heap   total 262144K, used 19955K [0x00000000e0000000, 0x0000000100000000)
  region size 1024K, 5 young (5120K), 5 survivors (5120K)
 Metaspace       used 25280K, capacity 25976K, committed 26240K, reserved 278528K
  class space    used 3171K, capacity 3428K, committed 3456K, reserved 253952K
}
Event: 27.262 GC heap before
{Heap before GC invocations=6 (full 0):
 garbage-first heap   total 262144K, used 123379K [0x00000000e0000000, 0x0000000100000000)
  region size 1024K, 79 young (80896K), 5 survivors (5120K)
 Metaspace       used 31946K, capacity 32957K, committed 33024K, reserved 282624K
  class space    used 4212K, capacity 4544K, committed 4608K, reserved 253952K
}
Event: 27.279 GC heap after
{Heap after GC invocations=7 (full 0):
 garbage-first heap   total 262144K, used 52658K [0x00000000e0000000, 0x0000000100000000)
  region size 1024K, 10 young (10240K), 10 survivors (10240K)
 Metaspace       used 31946K, capacity 32957K, committed 33024K, reserved 282624K
  class space    used 4212K, capacity 4544K, committed 4608K, reserved 253952K
}
Event: 28.419 GC heap before
{Heap before GC invocations=7 (full 0):
 garbage-first heap   total 262144K, used 77234K [0x00000000e0000000, 0x0000000100000000)
  region size 1024K, 35 young (35840K), 10 survivors (10240K)
 Metaspace       used 34580K, capacity 35515K, committed 35628K, reserved 284672K
  class space    used 4589K, capacity 4947K, committed 4992K, reserved 253952K
}
Event: 28.438 GC heap after
{Heap after GC invocations=8 (full 0):
 garbage-first heap   total 262144K, used 53299K [0x00000000e0000000, 0x0000000100000000)
  region size 1024K, 8 young (8192K), 8 survivors (8192K)
 Metaspace       used 34580K, capacity 35515K, committed 35628K, reserved 284672K
  class space    used 4589K, capacity 4947K, committed 4992K, reserved 253952K
}
Event: 37.626 GC heap before
{Heap before GC invocations=9 (full 0):
 garbage-first heap   total 262144K, used 174131K [0x00000000e0000000, 0x0000000100000000)
  region size 1024K, 119 young (121856K), 8 survivors (8192K)
 Metaspace       used 46346K, capacity 47625K, committed 47788K, reserved 296960K
  class space    used 5894K, capacity 6392K, committed 6400K, reserved 253952K
}
Event: 37.657 GC heap after
{Heap after GC invocations=10 (full 0):
 garbage-first heap   total 262144K, used 67318K [0x00000000e0000000, 0x0000000100000000)
  region size 1024K, 15 young (15360K), 15 survivors (15360K)
 Metaspace       used 46346K, capacity 47625K, committed 47788K, reserved 296960K
  class space    used 5894K, capacity 6392K, committed 6400K, reserved 253952K
}

Deoptimization events (20 events):
Event: 46.086 Thread 0x000002214b47a800 DEOPT PACKING pc=0x000002213ff70964 sp=0x0000003b896f3280
Event: 46.086 Thread 0x000002214b47a800 DEOPT UNPACKING pc=0x000002213820a1af sp=0x0000003b896f3220 mode 2
Event: 46.466 Thread 0x000002214b47a800 Uncommon trap: trap_request=0xffffff4d fr.pc=0x000002213ff1b5ec relative=0x000000000000372c
Event: 46.466 Thread 0x000002214b47a800 Uncommon trap: reason=unstable_if action=reinterpret pc=0x000002213ff1b5ec method=java.lang.ClassLoader.defineClassSourceLocation(Ljava/security/ProtectionDomain;)Ljava/lang/String; @ 15 c2
Event: 46.466 Thread 0x000002214b47a800 DEOPT PACKING pc=0x000002213ff1b5ec sp=0x0000003b896f20a0
Event: 46.466 Thread 0x000002214b47a800 DEOPT UNPACKING pc=0x000002213820a1af sp=0x0000003b896f1fd0 mode 2
Event: 48.233 Thread 0x000002214b47a800 DEOPT PACKING pc=0x0000022138823b9b sp=0x0000003b896f6f40
Event: 48.233 Thread 0x000002214b47a800 DEOPT UNPACKING pc=0x000002213820a95e sp=0x0000003b896f6480 mode 0
Event: 48.376 Thread 0x000002214b47a800 Uncommon trap: trap_request=0xffffffc6 fr.pc=0x000002213fe624ec relative=0x000000000000074c
Event: 48.376 Thread 0x000002214b47a800 Uncommon trap: reason=bimorphic_or_optimized_type_check action=maybe_recompile pc=0x000002213fe624ec method=java.util.regex.Pattern$Start.match(Ljava/util/regex/Matcher;ILjava/lang/CharSequence;)Z @ 44 c2
Event: 48.376 Thread 0x000002214b47a800 DEOPT PACKING pc=0x000002213fe624ec sp=0x0000003b896f7610
Event: 48.376 Thread 0x000002214b47a800 DEOPT UNPACKING pc=0x000002213820a1af sp=0x0000003b896f7570 mode 2
Event: 48.754 Thread 0x000002214b47a800 Uncommon trap: trap_request=0xffffffde fr.pc=0x000002213fe623f8 relative=0x0000000000000658
Event: 48.754 Thread 0x000002214b47a800 Uncommon trap: reason=class_check action=maybe_recompile pc=0x000002213fe623f8 method=java.util.regex.Matcher.search(I)Z @ 121 c2
Event: 48.754 Thread 0x000002214b47a800 DEOPT PACKING pc=0x000002213fe623f8 sp=0x0000003b896f7ab0
Event: 48.754 Thread 0x000002214b47a800 DEOPT UNPACKING pc=0x000002213820a1af sp=0x0000003b896f7a80 mode 2
Event: 48.754 Thread 0x000002214b47a800 Uncommon trap: trap_request=0xffffffde fr.pc=0x000002213fe623f8 relative=0x0000000000000658
Event: 48.754 Thread 0x000002214b47a800 Uncommon trap: reason=class_check action=maybe_recompile pc=0x000002213fe623f8 method=java.util.regex.Matcher.search(I)Z @ 121 c2
Event: 48.754 Thread 0x000002214b47a800 DEOPT PACKING pc=0x000002213fe623f8 sp=0x0000003b896f7ab0
Event: 48.754 Thread 0x000002214b47a800 DEOPT UNPACKING pc=0x000002213820a1af sp=0x0000003b896f7a80 mode 2

Classes redefined (0 events):
No events

Internal exceptions (20 events):
Event: 41.144 Thread 0x000002214b47a800 Exception <a 'java/lang/ClassNotFoundException'{0x00000000ec9e4ae8}: build_ew2ru9ix4jkbd7e1404cihu9nCustomizer> (0x00000000ec9e4ae8) thrown at [s\src\hotspot\share\classfile\systemDictionary.cpp, line 230]
Event: 41.184 Thread 0x000002214b47a800 Exception <a 'java/lang/ClassNotFoundException'{0x00000000ec8a9d68}: org/gradle/plugin/use/internal/PluginRequestCollector$PluginDependenciesSpecImplBeanInfo> (0x00000000ec8a9d68) thrown at [s\src\hotspot\share\classfile\systemDictionary.cpp, line 230]
Event: 41.190 Thread 0x000002214b47a800 Exception <a 'java/lang/ClassNotFoundException'{0x00000000ec8dc858}: org/gradle/plugin/use/internal/PluginRequestCollector$PluginDependenciesSpecImplCustomizer> (0x00000000ec8dc858) thrown at [s\src\hotspot\share\classfile\systemDictionary.cpp, line 230]
Event: 41.226 Thread 0x000002214b47a800 Exception <a 'java/lang/ClassNotFoundException'{0x00000000ec743010}: org/gradle/plugin/use/internal/PluginRequestCollector$PluginDependencySpecImplBeanInfo> (0x00000000ec743010) thrown at [s\src\hotspot\share\classfile\systemDictionary.cpp, line 230]
Event: 41.231 Thread 0x000002214b47a800 Exception <a 'java/lang/ClassNotFoundException'{0x00000000ec774788}: org/gradle/plugin/use/internal/PluginRequestCollector$PluginDependencySpecImplCustomizer> (0x00000000ec774788) thrown at [s\src\hotspot\share\classfile\systemDictionary.cpp, line 230]
Event: 42.751 Thread 0x000002214b47a800 Exception <a 'java/lang/NoSuchMethodError'{0x00000000eb2aacb0}: 'java.lang.Object java.lang.invoke.DirectMethodHandle$Holder.invokeStatic(java.lang.Object, java.lang.Object, java.lang.Object, java.lang.Object, java.lang.Object, int)'> (0x00000000eb2aacb0) thrown at [s\src\hotspot\share\interpreter\linkResolver.cpp, line 773]
Event: 42.752 Thread 0x000002214b47a800 Exception <a 'java/lang/NoSuchMethodError'{0x00000000eb2afbd0}: 'java.lang.Object java.lang.invoke.DirectMethodHandle$Holder.invokeSpecial(java.lang.Object, java.lang.Object, java.lang.Object, java.lang.Object, java.lang.Object, java.lang.Object, int)'> (0x00000000eb2afbd0) thrown at [s\src\hotspot\share\interpreter\linkResolver.cpp, line 773]
Event: 42.793 Thread 0x000002214b47a800 Exception <a 'java/lang/NoSuchMethodError'{0x00000000eb1b9bf8}: 'void java.lang.invoke.DirectMethodHandle$Holder.invokeStatic(java.lang.Object, java.lang.Object, java.lang.Object, int, java.lang.Object)'> (0x00000000eb1b9bf8) thrown at [s\src\hotspot\share\interpreter\linkResolver.cpp, line 773]
Event: 43.149 Thread 0x000002214b47a800 Exception <a 'java/lang/NoSuchMethodError'{0x00000000eb0622c8}: 'java.lang.Object java.lang.invoke.DelegatingMethodHandle$Holder.reinvoke_L(java.lang.Object, java.lang.Object, java.lang.Object, java.lang.Object, java.lang.Object, java.lang.Object, java.lang.Object, java.lang.Object, java.lang.Object, java.lang.Object, java.lang.Object, java.lang.Object, java.lang.Object, java.lang.Object, java.lang.Object, java.lang.Object, java.lang.Object, java.lang.Object, java.lang.Object, java.lang.Object, java.lang.O
Event: 43.152 Thread 0x000002214b47a800 Exception <a 'java/lang/NoSuchMethodError'{0x00000000eb06e1d0}: 'java.lang.Object java.lang.invoke.Invokers$Holder.invoker(java.lang.Object, java.lang.Object, java.lang.Object, java.lang.Object, java.lang.Object, java.lang.Object, java.lang.Object, java.lang.Object, java.lang.Object, java.lang.Object, java.lang.Object, java.lang.Object, java.lang.Object, java.lang.Object, java.lang.Object, java.lang.Object, java.lang.Object, java.lang.Object, java.lang.Object, java.lang.Object, java.lang.Object)'> (0x00000
Event: 43.153 Thread 0x000002214b47a800 Exception <a 'java/lang/NoSuchMethodError'{0x00000000eb0757e8}: 'java.lang.Object java.lang.invoke.DelegatingMethodHandle$Holder.delegate(java.lang.Object, java.lang.Object, java.lang.Object, java.lang.Object, java.lang.Object, java.lang.Object, java.lang.Object, java.lang.Object, java.lang.Object, java.lang.Object, java.lang.Object, java.lang.Object, java.lang.Object, java.lang.Object, java.lang.Object, java.lang.Object, java.lang.Object, java.lang.Object, java.lang.Object, java.lang.Object, java.lang.Obj
Event: 43.167 Thread 0x000002214b47a800 Exception <a 'java/lang/NoSuchMethodError'{0x00000000eb0f38a8}: 'java.lang.Object java.lang.invoke.DirectMethodHandle$Holder.invokeStatic(java.lang.Object, java.lang.Object, java.lang.Object, java.lang.Object, java.lang.Object, java.lang.Object, java.lang.Object, java.lang.Object, java.lang.Object, java.lang.Object, java.lang.Object, java.lang.Object, java.lang.Object, java.lang.Object, java.lang.Object)'> (0x00000000eb0f38a8) thrown at [s\src\hotspot\share\interpreter\linkResolver.cpp, line 773]
Event: 43.171 Thread 0x000002214b47a800 Exception <a 'java/lang/NoSuchMethodError'{0x00000000eaf04ab8}: 'java.lang.Object java.lang.invoke.DirectMethodHandle$Holder.invokeStatic(java.lang.Object, java.lang.Object, java.lang.Object, java.lang.Object, java.lang.Object, java.lang.Object, java.lang.Object, java.lang.Object, java.lang.Object, java.lang.Object, java.lang.Object, java.lang.Object, java.lang.Object, java.lang.Object, java.lang.Object, java.lang.Object)'> (0x00000000eaf04ab8) thrown at [s\src\hotspot\share\interpreter\linkResolver.cpp, l
Event: 43.173 Thread 0x000002214b47a800 Exception <a 'java/lang/NoSuchMethodError'{0x00000000eaf152a8}: 'java.lang.Object java.lang.invoke.DelegatingMethodHandle$Holder.reinvoke_L(java.lang.Object, java.lang.Object, java.lang.Object, java.lang.Object, java.lang.Object, java.lang.Object, java.lang.Object, java.lang.Object, java.lang.Object, java.lang.Object, java.lang.Object, java.lang.Object, java.lang.Object, java.lang.Object, java.lang.Object, java.lang.Object, java.lang.Object, java.lang.Object, java.lang.Object, java.lang.Object)'> (0x000000
Event: 44.295 Thread 0x000002214b47a800 Exception <a 'java/lang/NoSuchMethodError'{0x00000000ea34f500}: 'java.lang.Object java.lang.invoke.DirectMethodHandle$Holder.invokeStatic(java.lang.Object, java.lang.Object, java.lang.Object, java.lang.Object, int)'> (0x00000000ea34f500) thrown at [s\src\hotspot\share\interpreter\linkResolver.cpp, line 773]
Event: 44.309 Thread 0x000002214b47a800 Exception <a 'java/lang/NoSuchMethodError'{0x00000000ea3540e8}: 'java.lang.Object java.lang.invoke.DirectMethodHandle$Holder.invokeSpecial(java.lang.Object, java.lang.Object, java.lang.Object, java.lang.Object, java.lang.Object, int)'> (0x00000000ea3540e8) thrown at [s\src\hotspot\share\interpreter\linkResolver.cpp, line 773]
Event: 44.312 Thread 0x000002214b47a800 Exception <a 'java/lang/NoSuchMethodError'{0x00000000ea358820}: 'java.lang.Object java.lang.invoke.Invokers$Holder.linkToTargetMethod(java.lang.Object, java.lang.Object, java.lang.Object, int, java.lang.Object)'> (0x00000000ea358820) thrown at [s\src\hotspot\share\interpreter\linkResolver.cpp, line 773]
Event: 44.487 Thread 0x000002214b47a800 Exception <a 'java/lang/NoSuchMethodError'{0x00000000ea2ede08}: 'java.lang.Object java.lang.invoke.DirectMethodHandle$Holder.invokeSpecial(java.lang.Object, java.lang.Object, int, int, java.lang.Object, java.lang.Object, java.lang.Object)'> (0x00000000ea2ede08) thrown at [s\src\hotspot\share\interpreter\linkResolver.cpp, line 773]
Event: 44.487 Thread 0x000002214b47a800 Exception <a 'java/lang/NoSuchMethodError'{0x00000000ea2f28d8}: 'java.lang.Object java.lang.invoke.DelegatingMethodHandle$Holder.reinvoke_L(java.lang.Object, int, int, java.lang.Object, java.lang.Object, java.lang.Object)'> (0x00000000ea2f28d8) thrown at [s\src\hotspot\share\interpreter\linkResolver.cpp, line 773]
Event: 45.129 Thread 0x000002214b47a800 Exception <a 'java/lang/IncompatibleClassChangeError'{0x00000000ea055900}: Found class java.lang.Object, but interface was expected> (0x00000000ea055900) thrown at [s\src\hotspot\share\interpreter\linkResolver.cpp, line 839]

Events (20 events):
Event: 48.587 loading class org/gradle/api/Action
Event: 48.587 loading class org/gradle/api/Action done
Event: 48.587 loading class org/gradle/api/plugins/jvm/internal/DefaultJvmEcosystemAttributesDetails
Event: 48.587 loading class org/gradle/api/plugins/jvm/internal/DefaultJvmEcosystemAttributesDetails done
Event: 48.613 loading class org/gradle/api/plugins/jvm/internal/JvmEcosystemAttributesDetails
Event: 48.613 loading class org/gradle/api/plugins/jvm/internal/JvmEcosystemAttributesDetails done
Event: 48.614 loading class org/gradle/api/Action
Event: 48.614 loading class org/gradle/api/Action done
Event: 48.647 loading class org/gradle/api/internal/file/UnionFileCollection
Event: 48.647 loading class org/gradle/api/internal/file/UnionFileCollection done
Event: 48.753 loading class org/gradle/api/tasks/SourceSet
Event: 48.753 loading class org/gradle/api/tasks/SourceSet done
Event: 48.753 loading class org/gradle/api/tasks/SourceSet
Event: 48.753 loading class org/gradle/api/tasks/SourceSet done
Event: 48.754 loading class org/gradle/api/file/SourceDirectorySet
Event: 48.754 loading class org/gradle/api/file/SourceDirectorySet done
Event: 48.754 loading class org/gradle/language/jvm/tasks/ProcessResources
Event: 48.754 loading class org/gradle/language/jvm/tasks/ProcessResources done
Event: 48.754 loading class org/gradle/api/file/SourceDirectorySet
Event: 48.754 loading class org/gradle/api/file/SourceDirectorySet done


Dynamic libraries:
0x00007ff67e940000 - 0x00007ff67e94d000 	C:\Users\PC\.jdks\corretto-11.0.20\bin\java.exe
0x00007ffded030000 - 0x00007ffded247000 	C:\WINDOWS\SYSTEM32\ntdll.dll
0x00007ffdec010000 - 0x00007ffdec0d4000 	C:\WINDOWS\System32\KERNEL32.DLL
0x00007ffdea860000 - 0x00007ffdeac07000 	C:\WINDOWS\System32\KERNELBASE.dll
0x00007ffdeac40000 - 0x00007ffdead51000 	C:\WINDOWS\System32\ucrtbase.dll
0x00007ffdd58e0000 - 0x00007ffdd58f7000 	C:\Users\PC\.jdks\corretto-11.0.20\bin\jli.dll
0x00007ffdd5420000 - 0x00007ffdd5439000 	C:\Users\PC\.jdks\corretto-11.0.20\bin\VCRUNTIME140.dll
0x00007ffdec390000 - 0x00007ffdec53e000 	C:\WINDOWS\System32\USER32.dll
0x00007ffdeac10000 - 0x00007ffdeac36000 	C:\WINDOWS\System32\win32u.dll
0x00007ffdebcb0000 - 0x00007ffdebcd9000 	C:\WINDOWS\System32\GDI32.dll
0x00007ffdea590000 - 0x00007ffdea6a9000 	C:\WINDOWS\System32\gdi32full.dll
0x00007ffdea350000 - 0x00007ffdea3ea000 	C:\WINDOWS\System32\msvcp_win.dll
0x00007ffdd98f0000 - 0x00007ffdd9b83000 	C:\WINDOWS\WinSxS\amd64_microsoft.windows.common-controls_6595b64144ccf1df_6.0.22621.3527_none_270e469b73872a76\COMCTL32.dll
0x00007ffdebce0000 - 0x00007ffdebd87000 	C:\WINDOWS\System32\msvcrt.dll
0x00007ffdebe00000 - 0x00007ffdebe31000 	C:\WINDOWS\System32\IMM32.DLL
0x00007ffdd4fe0000 - 0x00007ffdd507b000 	C:\Users\PC\.jdks\corretto-11.0.20\bin\msvcp140.dll
0x00007ffda8090000 - 0x00007ffda8c1b000 	C:\Users\PC\.jdks\corretto-11.0.20\bin\server\jvm.dll
0x00007ffdebe40000 - 0x00007ffdebef2000 	C:\WINDOWS\System32\ADVAPI32.dll
0x00007ffdec540000 - 0x00007ffdec5e8000 	C:\WINDOWS\System32\sechost.dll
0x00007ffdea3f0000 - 0x00007ffdea418000 	C:\WINDOWS\System32\bcrypt.dll
0x00007ffdec0e0000 - 0x00007ffdec1f5000 	C:\WINDOWS\System32\RPCRT4.dll
0x00007ffdec000000 - 0x00007ffdec008000 	C:\WINDOWS\System32\PSAPI.DLL
0x00007ffde3fa0000 - 0x00007ffde3fa9000 	C:\WINDOWS\SYSTEM32\WSOCK32.dll
0x00007ffdebbb0000 - 0x00007ffdebc21000 	C:\WINDOWS\System32\WS2_32.dll
0x00007ffde2550000 - 0x00007ffde2584000 	C:\WINDOWS\SYSTEM32\WINMM.dll
0x00007ffde24a0000 - 0x00007ffde24aa000 	C:\WINDOWS\SYSTEM32\VERSION.dll
0x00007ffde9330000 - 0x00007ffde9348000 	C:\WINDOWS\SYSTEM32\kernel.appcore.dll
0x00007ffdd9000000 - 0x00007ffdd9010000 	C:\Users\PC\.jdks\corretto-11.0.20\bin\verify.dll
0x00007ffde7ea0000 - 0x00007ffde80d2000 	C:\WINDOWS\SYSTEM32\DBGHELP.DLL
0x00007ffdeb740000 - 0x00007ffdebac8000 	C:\WINDOWS\System32\combase.dll
0x00007ffdebad0000 - 0x00007ffdebba7000 	C:\WINDOWS\System32\OLEAUT32.dll
0x00007ffdc9e70000 - 0x00007ffdc9ea2000 	C:\WINDOWS\SYSTEM32\dbgcore.DLL
0x00007ffdea6b0000 - 0x00007ffdea729000 	C:\WINDOWS\System32\bcryptPrimitives.dll
0x00007ffdd53f0000 - 0x00007ffdd5418000 	C:\Users\PC\.jdks\corretto-11.0.20\bin\java.dll
0x00007ffdd86b0000 - 0x00007ffdd86ba000 	C:\Users\PC\.jdks\corretto-11.0.20\bin\jimage.dll
0x00007ffdd4fc0000 - 0x00007ffdd4fd8000 	C:\Users\PC\.jdks\corretto-11.0.20\bin\zip.dll
0x00007ffdead80000 - 0x00007ffdeb5dc000 	C:\WINDOWS\System32\SHELL32.dll
0x00007ffde8240000 - 0x00007ffde8b36000 	C:\WINDOWS\SYSTEM32\windows.storage.dll
0x00007ffde8100000 - 0x00007ffde823e000 	C:\WINDOWS\SYSTEM32\wintypes.dll
0x00007ffdebf00000 - 0x00007ffdebff5000 	C:\WINDOWS\System32\SHCORE.dll
0x00007ffdec210000 - 0x00007ffdec26e000 	C:\WINDOWS\System32\shlwapi.dll
0x00007ffdea280000 - 0x00007ffdea2a1000 	C:\WINDOWS\SYSTEM32\profapi.dll
0x00007ffdd4fa0000 - 0x00007ffdd4fb9000 	C:\Users\PC\.jdks\corretto-11.0.20\bin\net.dll
0x00007ffde1010000 - 0x00007ffde1146000 	C:\WINDOWS\SYSTEM32\WINHTTP.dll
0x00007ffde97a0000 - 0x00007ffde9809000 	C:\WINDOWS\system32\mswsock.dll
0x00007ffdd4f80000 - 0x00007ffdd4f93000 	C:\Users\PC\.jdks\corretto-11.0.20\bin\nio.dll
0x00007ffdd4a50000 - 0x00007ffdd4a77000 	C:\Users\PC\.gradle\native\68d5fa5c4cc2d200863cafc0d521ce42e7d3e7ee720ec0a83991735586a16f82\windows-amd64\native-platform.dll
0x00007ffdd3e00000 - 0x00007ffdd3f44000 	C:\Users\PC\.gradle\native\e376f236ea51e6404a007f0833ffe2c6e607c4080706a723a18a27aeea778392\windows-amd64\native-platform-file-events.dll
0x00007ffdd8630000 - 0x00007ffdd8639000 	C:\Users\PC\.jdks\corretto-11.0.20\bin\management.dll
0x00007ffdd84f0000 - 0x00007ffdd84fb000 	C:\Users\PC\.jdks\corretto-11.0.20\bin\management_ext.dll
0x00007ffde9a20000 - 0x00007ffde9a3b000 	C:\WINDOWS\SYSTEM32\CRYPTSP.dll
0x00007ffde9290000 - 0x00007ffde92c5000 	C:\WINDOWS\system32\rsaenh.dll
0x00007ffde98c0000 - 0x00007ffde98e8000 	C:\WINDOWS\SYSTEM32\USERENV.dll
0x00007ffde9a40000 - 0x00007ffde9a4c000 	C:\WINDOWS\SYSTEM32\CRYPTBASE.dll
0x00007ffde8de0000 - 0x00007ffde8e0d000 	C:\WINDOWS\SYSTEM32\IPHLPAPI.DLL
0x00007ffdec200000 - 0x00007ffdec209000 	C:\WINDOWS\System32\NSI.dll
0x00007ffde23d0000 - 0x00007ffde23e9000 	C:\WINDOWS\SYSTEM32\dhcpcsvc6.DLL
0x00007ffde11e0000 - 0x00007ffde11ff000 	C:\WINDOWS\SYSTEM32\dhcpcsvc.DLL
0x00007ffde8e10000 - 0x00007ffde8f08000 	C:\WINDOWS\SYSTEM32\DNSAPI.dll

dbghelp: loaded successfully - version: 4.0.5 - missing functions: none
symbol engine: initialized successfully - sym options: 0x614 - pdb path: .;C:\Users\PC\.jdks\corretto-11.0.20\bin;C:\WINDOWS\SYSTEM32;C:\WINDOWS\WinSxS\amd64_microsoft.windows.common-controls_6595b64144ccf1df_6.0.22621.3527_none_270e469b73872a76;C:\Users\PC\.jdks\corretto-11.0.20\bin\server;C:\Users\PC\.gradle\native\68d5fa5c4cc2d200863cafc0d521ce42e7d3e7ee720ec0a83991735586a16f82\windows-amd64;C:\Users\PC\.gradle\native\e376f236ea51e6404a007f0833ffe2c6e607c4080706a723a18a27aeea778392\windows-amd64

VM Arguments:
jvm_args: --add-opens=java.base/java.util=ALL-UNNAMED --add-opens=java.base/java.lang=ALL-UNNAMED --add-opens=java.base/java.lang.invoke=ALL-UNNAMED --add-opens=java.prefs/java.util.prefs=ALL-UNNAMED --add-opens=java.base/java.nio.charset=ALL-UNNAMED --add-opens=java.base/java.net=ALL-UNNAMED --add-opens=java.base/java.util.concurrent.atomic=ALL-UNNAMED -XX:MaxMetaspaceSize=256m -XX:+HeapDumpOnOutOfMemoryError -Xms256m -Xmx512m -Dfile.encoding=windows-1251 -Duser.country=RU -Duser.language=ru -Duser.variant 
java_command: org.gradle.launcher.daemon.bootstrap.GradleDaemon 8.0
java_class_path (initial): C:\Users\PC\.gradle\wrapper\dists\gradle-8.0-bin\ca5e32bp14vu59qr306oxotwh\gradle-8.0\lib\gradle-launcher-8.0.jar
Launcher Type: SUN_STANDARD

[Global flags]
     intx CICompilerCount                          = 3                                         {product} {ergonomic}
   size_t CompressedClassSpaceSize                 = 260046848                                 {product} {ergonomic}
     uint ConcGCThreads                            = 1                                         {product} {ergonomic}
     uint G1ConcRefinementThreads                  = 4                                         {product} {ergonomic}
   size_t G1HeapRegionSize                         = 1048576                                   {product} {ergonomic}
    uintx GCDrainStackTargetSize                   = 64                                        {product} {ergonomic}
     bool HeapDumpOnOutOfMemoryError               = true                                   {manageable} {command line}
   size_t InitialHeapSize                          = 268435456                                 {product} {command line}
   size_t MarkStackSize                            = 4194304                                   {product} {ergonomic}
   size_t MaxHeapSize                              = 536870912                                 {product} {command line}
   size_t MaxMetaspaceSize                         = 268435456                                 {product} {command line}
   size_t MaxNewSize                               = 321912832                                 {product} {ergonomic}
   size_t MinHeapDeltaBytes                        = 1048576                                   {product} {ergonomic}
    uintx NonNMethodCodeHeapSize                   = 5830732                                {pd product} {ergonomic}
    uintx NonProfiledCodeHeapSize                  = 122913754                              {pd product} {ergonomic}
    uintx ProfiledCodeHeapSize                     = 122913754                              {pd product} {ergonomic}
    uintx ReservedCodeCacheSize                    = 251658240                              {pd product} {ergonomic}
     bool SegmentedCodeCache                       = true                                      {product} {ergonomic}
     bool UseCompressedClassPointers               = true                                 {lp64_product} {ergonomic}
     bool UseCompressedOops                        = true                                 {lp64_product} {ergonomic}
     bool UseG1GC                                  = true                                      {product} {ergonomic}
     bool UseLargePagesIndividualAllocation        = false                                  {pd product} {ergonomic}

Logging:
Log output configuration:
 #0: stdout all=warning uptime,level,tags
 #1: stderr all=off uptime,level,tags

Environment Variables:
JAVA_HOME=C:\Program Files\Eclipse Adoptium\jdk-11.0.20.101-hotspot\
PATH=C:\Program Files\Eclipse Adoptium\jdk-11.0.20.101-hotspot\bin;C:\WINDOWS\system32;C:\WINDOWS;C:\WINDOWS\System32\Wbem;C:\WINDOWS\System32\WindowsPowerShell\v1.0\;C:\WINDOWS\System32\OpenSSH\;C:\Program Files\Git\cmd;C:\Program Files\Docker\Docker\resources\bin;C:\Users\PC\AppData\Local\Microsoft\WindowsApps;;C:\Users\\AppData\Local\Programs\Microsoft VS Code\bin
USERNAME=
OS=Windows_NT
PROCESSOR_IDENTIFIER=AMD64 Family 23 Model 24 Stepping 1, AuthenticAMD
TMP=C:\Users\PC\AppData\Local\Temp
TEMP=C:\Users\PC\AppData\Local\Temp



---------------  S Y S T E M  ---------------

OS: Windows 11 , 64 bit Build 22621 (10.0.22621.3527)
OS uptime: 0 days 13:16 hours
Hyper-V role detected

CPU:total 4 (initial active 4) (4 cores per cpu, 2 threads per core) family 23 model 24 stepping 1 microcode 0x0, cmov, cx8, fxsr, mmx, sse, sse2, sse3, ssse3, sse4.1, sse4.2, popcnt, avx, avx2, aes, clmul, mmxext, 3dnowpref, lzcnt, sse4a, ht, tsc, tscinvbit, tscinv, bmi1, bmi2, adx, sha, fma

Memory: 4k page, system-wide physical 3460M (78M free)
TotalPageFile size 14212M (AvailPageFile size 0M)
current process WorkingSet (physical memory assigned to process): 178M, peak: 270M
current process commit charge ("private bytes"): 459M, peak: 460M

vm_info: OpenJDK 64-Bit Server VM (11.0.20+8-LTS) for windows-amd64 JRE (11.0.20+8-LTS), built on Jul 11 2023 19:58:45 by "Administrator" with MS VC++ 15.9 (VS2017)

END.
